This file contains any messages produced by compilers while
running configure, to aid debugging if configure makes a mistake.

It was created by elfutils configure 0.193, which was
generated by GNU Autoconf 2.72.  Invocation command line was

  $ ./configure --enable-maintainer-mode --disable-shared

## --------- ##
## Platform. ##
## --------- ##

hostname = bd564e34ffec
uname -m = x86_64
uname -r = 6.8.0-1029-azure
uname -s = Linux
uname -v = #34~22.04.1-Ubuntu SMP Thu May  1 02:51:54 UTC 2025

/usr/bin/uname -p = x86_64
/bin/uname -X     = unknown

/bin/arch              = x86_64
/usr/bin/arch -k       = unknown
/usr/convex/getsysinfo = unknown
/usr/bin/hostinfo      = unknown
/bin/machine           = unknown
/usr/bin/oslevel       = unknown
/bin/universe          = unknown

PATH: /root/.vscode-server/bin/17baf841131aa23349f217ca7c570c76ee87b957/bin/remote-cli/
PATH: /usr/local/sbin/
PATH: /usr/local/bin/
PATH: /usr/sbin/
PATH: /usr/bin/
PATH: /sbin/
PATH: /bin/


## ----------- ##
## Core tests. ##
## ----------- ##

configure:3289: looking for aux files: config.rpath ar-lib compile config.guess config.sub missing install-sh
configure:3302:  trying ./config/
configure:3331:   ./config/config.rpath found
configure:3331:   ./config/ar-lib found
configure:3331:   ./config/compile found
configure:3331:   ./config/config.guess found
configure:3331:   ./config/config.sub found
configure:3331:   ./config/missing found
configure:3313:   ./config/install-sh found
configure:3453: No --program-prefix given, using "eu-"
configure:3486: checking for a BSD-compatible install
configure:3560: result: /usr/bin/install -c
configure:3571: checking whether sleep supports fractional seconds
configure:3587: result: yes
configure:3590: checking filesystem timestamp resolution
configure:3725: result: 0.01
configure:3730: checking whether build environment is sane
configure:3771: result: yes
configure:3942: checking for a race-free mkdir -p
configure:3985: result: /usr/bin/mkdir -p
configure:3992: checking for gawk
configure:4013: found /usr/bin/gawk
configure:4025: result: gawk
configure:4036: checking whether make sets $(MAKE)
configure:4060: result: yes
configure:4086: checking whether make supports nested variables
configure:4105: result: yes
configure:4119: checking xargs -n works
configure:4135: result: yes
configure:4234: checking whether to enable maintainer-specific portions of Makefiles
configure:4245: result: yes
configure:4280: checking build system type
configure:4296: result: x86_64-pc-linux-gnu
configure:4316: checking host system type
configure:4331: result: x86_64-pc-linux-gnu
configure:4464: checking for gcc
configure:4485: found /usr/bin/gcc
configure:4497: result: gcc
configure:4856: checking for C compiler version
configure:4865: gcc --version >&5
gcc (Ubuntu 11.4.0-1ubuntu1~22.04) 11.4.0
Copyright (C) 2021 Free Software Foundation, Inc.
This is free software; see the source for copying conditions.  There is NO
warranty; not even for MERCHANTABILITY or FITNESS FOR A PARTICULAR PURPOSE.

configure:4876: $? = 0
configure:4865: gcc -v >&5
Using built-in specs.
COLLECT_GCC=gcc
COLLECT_LTO_WRAPPER=/usr/lib/gcc/x86_64-linux-gnu/11/lto-wrapper
OFFLOAD_TARGET_NAMES=nvptx-none:amdgcn-amdhsa
OFFLOAD_TARGET_DEFAULT=1
Target: x86_64-linux-gnu
Configured with: ../src/configure -v --with-pkgversion='Ubuntu 11.4.0-1ubuntu1~22.04' --with-bugurl=file:///usr/share/doc/gcc-11/README.Bugs --enable-languages=c,ada,c++,go,brig,d,fortran,objc,obj-c++,m2 --prefix=/usr --with-gcc-major-version-only --program-suffix=-11 --program-prefix=x86_64-linux-gnu- --enable-shared --enable-linker-build-id --libexecdir=/usr/lib --without-included-gettext --enable-threads=posix --libdir=/usr/lib --enable-nls --enable-bootstrap --enable-clocale=gnu --enable-libstdcxx-debug --enable-libstdcxx-time=yes --with-default-libstdcxx-abi=new --enable-gnu-unique-object --disable-vtable-verify --enable-plugin --enable-default-pie --with-system-zlib --enable-libphobos-checking=release --with-target-system-zlib=auto --enable-objc-gc=auto --enable-multiarch --disable-werror --enable-cet --with-arch-32=i686 --with-abi=m64 --with-multilib-list=m32,m64,mx32 --enable-multilib --with-tune=generic --enable-offload-targets=nvptx-none=/build/gcc-11-XeT9lY/gcc-11-11.4.0/debian/tmp-nvptx/usr,amdgcn-amdhsa=/build/gcc-11-XeT9lY/gcc-11-11.4.0/debian/tmp-gcn/usr --without-cuda-driver --enable-checking=release --build=x86_64-linux-gnu --host=x86_64-linux-gnu --target=x86_64-linux-gnu --with-build-config=bootstrap-lto-lean --enable-link-serialization=2
Thread model: posix
Supported LTO compression algorithms: zlib zstd
gcc version 11.4.0 (Ubuntu 11.4.0-1ubuntu1~22.04) 
... rest of stderr output deleted ...
configure:4876: $? = 0
configure:4865: gcc -V >&5
gcc: error: unrecognized command-line option '-V'
gcc: fatal error: no input files
compilation terminated.
configure:4876: $? = 1
configure:4865: gcc -qversion >&5
gcc: error: unrecognized command-line option '-qversion'; did you mean '--version'?
gcc: fatal error: no input files
compilation terminated.
configure:4876: $? = 1
configure:4865: gcc -version >&5
gcc: error: unrecognized command-line option '-version'
gcc: fatal error: no input files
compilation terminated.
configure:4876: $? = 1
configure:4896: checking whether the C compiler works
configure:4918: gcc    conftest.c  >&5
configure:4922: $? = 0
configure:4973: result: yes
configure:4977: checking for C compiler default output file name
configure:4979: result: a.out
configure:4985: checking for suffix of executables
configure:4992: gcc -o conftest    conftest.c  >&5
configure:4996: $? = 0
configure:5020: result: 
configure:5044: checking whether we are cross compiling
configure:5052: gcc -o conftest    conftest.c  >&5
configure:5056: $? = 0
configure:5063: ./conftest
configure:5067: $? = 0
configure:5082: result: no
configure:5088: checking for suffix of object files
configure:5111: gcc -c   conftest.c >&5
configure:5115: $? = 0
configure:5139: result: o
configure:5143: checking whether the compiler supports GNU C
configure:5163: gcc -c   conftest.c >&5
configure:5163: $? = 0
configure:5175: result: yes
configure:5186: checking whether gcc accepts -g
configure:5207: gcc -c -g  conftest.c >&5
configure:5207: $? = 0
configure:5254: result: yes
configure:5274: checking for gcc option to enable C11 features
configure:5289: gcc  -c -g -O2  conftest.c >&5
configure:5289: $? = 0
configure:5308: result: none needed
configure:5432: checking whether gcc understands -c and -o together
configure:5455: gcc -c conftest.c -o conftest2.o
configure:5458: $? = 0
configure:5455: gcc -c conftest.c -o conftest2.o
configure:5458: $? = 0
configure:5471: result: yes
configure:5491: checking whether make supports the include directive
configure:5506: make -f confmf.GNU && cat confinc.out
this is the am__doit target
configure:5509: $? = 0
configure:5528: result: yes (GNU style)
configure:5554: checking dependency style of gcc
configure:5667: result: gcc3
configure:5756: checking for g++
configure:5777: found /usr/bin/g++
configure:5789: result: g++
configure:5816: checking for C++ compiler version
configure:5825: g++ --version >&5
g++ (Ubuntu 11.4.0-1ubuntu1~22.04) 11.4.0
Copyright (C) 2021 Free Software Foundation, Inc.
This is free software; see the source for copying conditions.  There is NO
warranty; not even for MERCHANTABILITY or FITNESS FOR A PARTICULAR PURPOSE.

configure:5836: $? = 0
configure:5825: g++ -v >&5
Using built-in specs.
COLLECT_GCC=g++
COLLECT_LTO_WRAPPER=/usr/lib/gcc/x86_64-linux-gnu/11/lto-wrapper
OFFLOAD_TARGET_NAMES=nvptx-none:amdgcn-amdhsa
OFFLOAD_TARGET_DEFAULT=1
Target: x86_64-linux-gnu
Configured with: ../src/configure -v --with-pkgversion='Ubuntu 11.4.0-1ubuntu1~22.04' --with-bugurl=file:///usr/share/doc/gcc-11/README.Bugs --enable-languages=c,ada,c++,go,brig,d,fortran,objc,obj-c++,m2 --prefix=/usr --with-gcc-major-version-only --program-suffix=-11 --program-prefix=x86_64-linux-gnu- --enable-shared --enable-linker-build-id --libexecdir=/usr/lib --without-included-gettext --enable-threads=posix --libdir=/usr/lib --enable-nls --enable-bootstrap --enable-clocale=gnu --enable-libstdcxx-debug --enable-libstdcxx-time=yes --with-default-libstdcxx-abi=new --enable-gnu-unique-object --disable-vtable-verify --enable-plugin --enable-default-pie --with-system-zlib --enable-libphobos-checking=release --with-target-system-zlib=auto --enable-objc-gc=auto --enable-multiarch --disable-werror --enable-cet --with-arch-32=i686 --with-abi=m64 --with-multilib-list=m32,m64,mx32 --enable-multilib --with-tune=generic --enable-offload-targets=nvptx-none=/build/gcc-11-XeT9lY/gcc-11-11.4.0/debian/tmp-nvptx/usr,amdgcn-amdhsa=/build/gcc-11-XeT9lY/gcc-11-11.4.0/debian/tmp-gcn/usr --without-cuda-driver --enable-checking=release --build=x86_64-linux-gnu --host=x86_64-linux-gnu --target=x86_64-linux-gnu --with-build-config=bootstrap-lto-lean --enable-link-serialization=2
Thread model: posix
Supported LTO compression algorithms: zlib zstd
gcc version 11.4.0 (Ubuntu 11.4.0-1ubuntu1~22.04) 
... rest of stderr output deleted ...
configure:5836: $? = 0
configure:5825: g++ -V >&5
g++: error: unrecognized command-line option '-V'
g++: fatal error: no input files
compilation terminated.
configure:5836: $? = 1
configure:5825: g++ -qversion >&5
g++: error: unrecognized command-line option '-qversion'; did you mean '--version'?
g++: fatal error: no input files
compilation terminated.
configure:5836: $? = 1
configure:5840: checking whether the compiler supports GNU C++
configure:5860: g++ -c   conftest.cpp >&5
configure:5860: $? = 0
configure:5872: result: yes
configure:5883: checking whether g++ accepts -g
configure:5904: g++ -c -g  conftest.cpp >&5
configure:5904: $? = 0
configure:5951: result: yes
configure:5971: checking for g++ option to enable C++11 features
configure:5986: g++  -c -g -O2  conftest.cpp >&5
conftest.cpp: In function 'int main(int, char**)':
conftest.cpp:178:25: warning: empty parentheses were disambiguated as a function declaration [-Wvexing-parse]
  178 |   cxx11test::delegate d2();
      |                         ^~
conftest.cpp:178:25: note: remove parentheses to default-initialize a variable
  178 |   cxx11test::delegate d2();
      |                         ^~
      |                         --
conftest.cpp:178:25: note: or replace parentheses with braces to value-initialize a variable
configure:5986: $? = 0
configure:6005: result: none needed
configure:6076: checking dependency style of g++
configure:6189: result: gcc3
configure:6253: checking for ranlib
configure:6274: found /usr/bin/ranlib
configure:6286: result: ranlib
configure:6312: checking for bison
configure:6333: found /usr/bin/bison
configure:6345: result: bison -y
configure:6362: checking for flex
configure:6383: found /usr/bin/flex
configure:6395: result: flex
configure:6444: checking for lex output file root
configure:6457: flex conftest.l
configure:6461: $? = 0
configure:6470: result: lex.yy
configure:6485: checking for lex library
configure:6510: gcc -o conftest -g -O2   conftest.c  >&5
configure:6510: $? = 0
configure:6524: result: none needed
configure:6546: checking whether yytext is a pointer
configure:6562: gcc -c -g -O2  conftest.c >&5
configure:6562: $? = 0
configure:6570: result: yes
configure:6639: checking for ar
configure:6660: found /usr/bin/ar
configure:6672: result: ar
configure:6699: checking the archiver (ar) interface
configure:6716: gcc -c -g -O2  conftest.c >&5
configure:6716: $? = 0
configure:6719: ar cr libconftest.a conftest.o >&5
configure:6722: $? = 0
configure:6751: result: ar
configure:6820: checking for readelf
configure:6841: found /usr/bin/readelf
configure:6853: result: readelf
configure:6924: checking for nm
configure:6945: found /usr/bin/nm
configure:6957: result: nm
configure:6980: checking whether gcc supports __attribute__((visibility()))
configure:6996: gcc -c -g -O2 -Werror  conftest.c >&5
configure:6996: $? = 0
configure:7007: result: yes
configure:7015: checking whether gcc supports __attribute__((gcc_struct))
configure:7028: gcc -c -g -O2 -Werror  conftest.c >&5
configure:7028: $? = 0
configure:7039: result: yes
configure:7047: checking whether gcc supports -fPIC
configure:7059: gcc -c -g -O2 -fPIC -Werror  conftest.c >&5
configure:7059: $? = 0
configure:7071: result: yes
configure:7080: checking whether gcc supports -fPIE
configure:7092: gcc -c -g -O2 -fPIE -Werror  conftest.c >&5
configure:7092: $? = 0
configure:7104: result: yes
configure:7168: checking whether gcc supports -Wl,-z,defs
configure:7187: gcc -o conftest -g -O2  -Wl,-z,defs  conftest.c  >&5
configure:7187: $? = 0
configure:7200: result: yes
configure:7208: checking whether the compiler generates build-ids
configure:7225: gcc -o conftest -g -O2   conftest.c  >&5
configure:7225: $? = 0
configure:7239: result: yes
configure:7248: checking whether gcc supports -Wl,-z,relro
configure:7267: gcc -o conftest -g -O2  -Wl,-z,relro  conftest.c  >&5
configure:7267: $? = 0
configure:7280: result: yes
configure:7288: checking for __thread support
configure:7313: gcc -o conftest -fPIC -g -O2  -shared -Wl,-z,defs -Wl,-z,relro  conftest.c  >&5
configure:7313: $? = 0
configure:7326: result: yes
configure:7337: checking for stdio.h
configure:7337: gcc -c -g -O2  conftest.c >&5
configure:7337: $? = 0
configure:7337: result: yes
configure:7337: checking for stdlib.h
configure:7337: gcc -c -g -O2  conftest.c >&5
configure:7337: $? = 0
configure:7337: result: yes
configure:7337: checking for string.h
configure:7337: gcc -c -g -O2  conftest.c >&5
configure:7337: $? = 0
configure:7337: result: yes
configure:7337: checking for inttypes.h
configure:7337: gcc -c -g -O2  conftest.c >&5
configure:7337: $? = 0
configure:7337: result: yes
configure:7337: checking for stdint.h
configure:7337: gcc -c -g -O2  conftest.c >&5
configure:7337: $? = 0
configure:7337: result: yes
configure:7337: checking for strings.h
configure:7337: gcc -c -g -O2  conftest.c >&5
configure:7337: $? = 0
configure:7337: result: yes
configure:7337: checking for sys/stat.h
configure:7337: gcc -c -g -O2  conftest.c >&5
configure:7337: $? = 0
configure:7337: result: yes
configure:7337: checking for sys/types.h
configure:7337: gcc -c -g -O2  conftest.c >&5
configure:7337: $? = 0
configure:7337: result: yes
configure:7337: checking for unistd.h
configure:7337: gcc -c -g -O2  conftest.c >&5
configure:7337: $? = 0
configure:7337: result: yes
configure:7364: checking for stdatomic.h
configure:7364: gcc -c -g -O2  conftest.c >&5
configure:7364: $? = 0
configure:7364: result: yes
configure:7383: checking for gcc option to enable large file support
configure:7418: gcc -c -g -O2  conftest.c >&5
configure:7418: $? = 0
configure:7424: gcc -DFTYPE=ino_t -c -g -O2  conftest.c >&5
configure:7424: $? = 0
configure:7449: result: none needed
configure:7552: checking whether fts.h is bad when included (with LFS)
configure:7562: gcc -c -g -O2  conftest.c >&5
configure:7562: $? = 0
configure:7572: result: no
configure:7582: checking whether to add -D_FORTIFY_SOURCE=2 or =3 to CFLAGS
configure:7601: gcc -c -D_FORTIFY_SOURCE=3 -g -O2 -Werror  conftest.c >&5
<command-line>: error: "_FORTIFY_SOURCE" redefined [-Werror]
<built-in>: note: this is the location of the previous definition
cc1: all warnings being treated as errors
configure:7601: $? = 1
configure: failed program was:
| /* confdefs.h */
| #define PACKAGE_NAME "elfutils"
| #define PACKAGE_TARNAME "elfutils"
| #define PACKAGE_VERSION "0.193"
| #define PACKAGE_STRING "elfutils 0.193"
| #define PACKAGE_BUGREPORT "https://sourceware.org/bugzilla"
| #define PACKAGE_URL "http://elfutils.org/"
| #define PACKAGE "elfutils"
| #define VERSION "0.193"
| #define DEFAULT_AR_DETERMINISTIC false
| #define YYTEXT_POINTER 1
| #define HAVE_VISIBILITY 1
| #define HAVE_GCC_STRUCT 1
| #define HAVE_STDIO_H 1
| #define HAVE_STDLIB_H 1
| #define HAVE_STRING_H 1
| #define HAVE_INTTYPES_H 1
| #define HAVE_STDINT_H 1
| #define HAVE_STRINGS_H 1
| #define HAVE_SYS_STAT_H 1
| #define HAVE_SYS_TYPES_H 1
| #define HAVE_UNISTD_H 1
| #define STDC_HEADERS 1
| #define HAVE_STDATOMIC_H 1
| /* end confdefs.h.  */
| 
|       #include <string.h>
|       int main() { return 0; }
| 
configure:7619: gcc -c -D_FORTIFY_SOURCE=2 -g -O2 -Werror  conftest.c >&5
configure:7619: $? = 0
configure:7621: result: yes -D_FORTIFY_SOURCE=2
configure:8153: checking for library containing gzdirect
configure:8189: gcc -o conftest -D_FORTIFY_SOURCE=2 -g -O2   conftest.c  >&5
/usr/bin/ld: /tmp/ccAC2RhL.o: in function `main':
/root/dataset_fuzz/elfutils-0.193/conftest.c:41: undefined reference to `gzdirect'
collect2: error: ld returned 1 exit status
configure:8189: $? = 1
configure: failed program was:
| /* confdefs.h */
| #define PACKAGE_NAME "elfutils"
| #define PACKAGE_TARNAME "elfutils"
| #define PACKAGE_VERSION "0.193"
| #define PACKAGE_STRING "elfutils 0.193"
| #define PACKAGE_BUGREPORT "https://sourceware.org/bugzilla"
| #define PACKAGE_URL "http://elfutils.org/"
| #define PACKAGE "elfutils"
| #define VERSION "0.193"
| #define DEFAULT_AR_DETERMINISTIC false
| #define YYTEXT_POINTER 1
| #define HAVE_VISIBILITY 1
| #define HAVE_GCC_STRUCT 1
| #define HAVE_STDIO_H 1
| #define HAVE_STDLIB_H 1
| #define HAVE_STRING_H 1
| #define HAVE_INTTYPES_H 1
| #define HAVE_STDINT_H 1
| #define HAVE_STRINGS_H 1
| #define HAVE_SYS_STAT_H 1
| #define HAVE_SYS_TYPES_H 1
| #define HAVE_UNISTD_H 1
| #define STDC_HEADERS 1
| #define HAVE_STDATOMIC_H 1
| #define CHECK_UNDEFINED 0
| /* end confdefs.h.  */
| 
| /* Override any GCC internal prototype to avoid an error.
|    Use char because int might match the return type of a GCC
|    builtin and then its argument prototype would still apply.
|    The 'extern "C"' is for builds by C++ compilers;
|    although this is not generally supported in C code supporting it here
|    has little cost and some practical benefit (sr 110532).  */
| #ifdef __cplusplus
| extern "C"
| #endif
| char gzdirect (void);
| int
| main (void)
| {
| return gzdirect ();
|   ;
|   return 0;
| }
configure:8189: gcc -o conftest -D_FORTIFY_SOURCE=2 -g -O2   conftest.c -lz   >&5
configure:8189: $? = 0
configure:8211: result: -lz
configure:8259: checking for library containing BZ2_bzdopen
configure:8295: gcc -o conftest -D_FORTIFY_SOURCE=2 -g -O2   conftest.c  >&5
/usr/bin/ld: /tmp/ccbINXkP.o: in function `main':
/root/dataset_fuzz/elfutils-0.193/conftest.c:42: undefined reference to `BZ2_bzdopen'
collect2: error: ld returned 1 exit status
configure:8295: $? = 1
configure: failed program was:
| /* confdefs.h */
| #define PACKAGE_NAME "elfutils"
| #define PACKAGE_TARNAME "elfutils"
| #define PACKAGE_VERSION "0.193"
| #define PACKAGE_STRING "elfutils 0.193"
| #define PACKAGE_BUGREPORT "https://sourceware.org/bugzilla"
| #define PACKAGE_URL "http://elfutils.org/"
| #define PACKAGE "elfutils"
| #define VERSION "0.193"
| #define DEFAULT_AR_DETERMINISTIC false
| #define YYTEXT_POINTER 1
| #define HAVE_VISIBILITY 1
| #define HAVE_GCC_STRUCT 1
| #define HAVE_STDIO_H 1
| #define HAVE_STDLIB_H 1
| #define HAVE_STRING_H 1
| #define HAVE_INTTYPES_H 1
| #define HAVE_STDINT_H 1
| #define HAVE_STRINGS_H 1
| #define HAVE_SYS_STAT_H 1
| #define HAVE_SYS_TYPES_H 1
| #define HAVE_UNISTD_H 1
| #define STDC_HEADERS 1
| #define HAVE_STDATOMIC_H 1
| #define CHECK_UNDEFINED 0
| #define USE_ZLIB 1
| /* end confdefs.h.  */
| 
| /* Override any GCC internal prototype to avoid an error.
|    Use char because int might match the return type of a GCC
|    builtin and then its argument prototype would still apply.
|    The 'extern "C"' is for builds by C++ compilers;
|    although this is not generally supported in C code supporting it here
|    has little cost and some practical benefit (sr 110532).  */
| #ifdef __cplusplus
| extern "C"
| #endif
| char BZ2_bzdopen (void);
| int
| main (void)
| {
| return BZ2_bzdopen ();
|   ;
|   return 0;
| }
configure:8295: gcc -o conftest -D_FORTIFY_SOURCE=2 -g -O2   conftest.c -lbz2   >&5
/usr/bin/ld: cannot find -lbz2: No such file or directory
collect2: error: ld returned 1 exit status
configure:8295: $? = 1
configure: failed program was:
| /* confdefs.h */
| #define PACKAGE_NAME "elfutils"
| #define PACKAGE_TARNAME "elfutils"
| #define PACKAGE_VERSION "0.193"
| #define PACKAGE_STRING "elfutils 0.193"
| #define PACKAGE_BUGREPORT "https://sourceware.org/bugzilla"
| #define PACKAGE_URL "http://elfutils.org/"
| #define PACKAGE "elfutils"
| #define VERSION "0.193"
| #define DEFAULT_AR_DETERMINISTIC false
| #define YYTEXT_POINTER 1
| #define HAVE_VISIBILITY 1
| #define HAVE_GCC_STRUCT 1
| #define HAVE_STDIO_H 1
| #define HAVE_STDLIB_H 1
| #define HAVE_STRING_H 1
| #define HAVE_INTTYPES_H 1
| #define HAVE_STDINT_H 1
| #define HAVE_STRINGS_H 1
| #define HAVE_SYS_STAT_H 1
| #define HAVE_SYS_TYPES_H 1
| #define HAVE_UNISTD_H 1
| #define STDC_HEADERS 1
| #define HAVE_STDATOMIC_H 1
| #define CHECK_UNDEFINED 0
| #define USE_ZLIB 1
| /* end confdefs.h.  */
| 
| /* Override any GCC internal prototype to avoid an error.
|    Use char because int might match the return type of a GCC
|    builtin and then its argument prototype would still apply.
|    The 'extern "C"' is for builds by C++ compilers;
|    although this is not generally supported in C code supporting it here
|    has little cost and some practical benefit (sr 110532).  */
| #ifdef __cplusplus
| extern "C"
| #endif
| char BZ2_bzdopen (void);
| int
| main (void)
| {
| return BZ2_bzdopen ();
|   ;
|   return 0;
| }
configure:8317: result: no
configure:8362: checking for library containing lzma_auto_decoder
configure:8398: gcc -o conftest -D_FORTIFY_SOURCE=2 -g -O2   conftest.c  >&5
/usr/bin/ld: /tmp/ccpMQPFR.o: in function `main':
/root/dataset_fuzz/elfutils-0.193/conftest.c:42: undefined reference to `lzma_auto_decoder'
collect2: error: ld returned 1 exit status
configure:8398: $? = 1
configure: failed program was:
| /* confdefs.h */
| #define PACKAGE_NAME "elfutils"
| #define PACKAGE_TARNAME "elfutils"
| #define PACKAGE_VERSION "0.193"
| #define PACKAGE_STRING "elfutils 0.193"
| #define PACKAGE_BUGREPORT "https://sourceware.org/bugzilla"
| #define PACKAGE_URL "http://elfutils.org/"
| #define PACKAGE "elfutils"
| #define VERSION "0.193"
| #define DEFAULT_AR_DETERMINISTIC false
| #define YYTEXT_POINTER 1
| #define HAVE_VISIBILITY 1
| #define HAVE_GCC_STRUCT 1
| #define HAVE_STDIO_H 1
| #define HAVE_STDLIB_H 1
| #define HAVE_STRING_H 1
| #define HAVE_INTTYPES_H 1
| #define HAVE_STDINT_H 1
| #define HAVE_STRINGS_H 1
| #define HAVE_SYS_STAT_H 1
| #define HAVE_SYS_TYPES_H 1
| #define HAVE_UNISTD_H 1
| #define STDC_HEADERS 1
| #define HAVE_STDATOMIC_H 1
| #define CHECK_UNDEFINED 0
| #define USE_ZLIB 1
| /* end confdefs.h.  */
| 
| /* Override any GCC internal prototype to avoid an error.
|    Use char because int might match the return type of a GCC
|    builtin and then its argument prototype would still apply.
|    The 'extern "C"' is for builds by C++ compilers;
|    although this is not generally supported in C code supporting it here
|    has little cost and some practical benefit (sr 110532).  */
| #ifdef __cplusplus
| extern "C"
| #endif
| char lzma_auto_decoder (void);
| int
| main (void)
| {
| return lzma_auto_decoder ();
|   ;
|   return 0;
| }
configure:8398: gcc -o conftest -D_FORTIFY_SOURCE=2 -g -O2   conftest.c -llzma   >&5
/usr/bin/ld: cannot find -llzma: No such file or directory
collect2: error: ld returned 1 exit status
configure:8398: $? = 1
configure: failed program was:
| /* confdefs.h */
| #define PACKAGE_NAME "elfutils"
| #define PACKAGE_TARNAME "elfutils"
| #define PACKAGE_VERSION "0.193"
| #define PACKAGE_STRING "elfutils 0.193"
| #define PACKAGE_BUGREPORT "https://sourceware.org/bugzilla"
| #define PACKAGE_URL "http://elfutils.org/"
| #define PACKAGE "elfutils"
| #define VERSION "0.193"
| #define DEFAULT_AR_DETERMINISTIC false
| #define YYTEXT_POINTER 1
| #define HAVE_VISIBILITY 1
| #define HAVE_GCC_STRUCT 1
| #define HAVE_STDIO_H 1
| #define HAVE_STDLIB_H 1
| #define HAVE_STRING_H 1
| #define HAVE_INTTYPES_H 1
| #define HAVE_STDINT_H 1
| #define HAVE_STRINGS_H 1
| #define HAVE_SYS_STAT_H 1
| #define HAVE_SYS_TYPES_H 1
| #define HAVE_UNISTD_H 1
| #define STDC_HEADERS 1
| #define HAVE_STDATOMIC_H 1
| #define CHECK_UNDEFINED 0
| #define USE_ZLIB 1
| /* end confdefs.h.  */
| 
| /* Override any GCC internal prototype to avoid an error.
|    Use char because int might match the return type of a GCC
|    builtin and then its argument prototype would still apply.
|    The 'extern "C"' is for builds by C++ compilers;
|    although this is not generally supported in C code supporting it here
|    has little cost and some practical benefit (sr 110532).  */
| #ifdef __cplusplus
| extern "C"
| #endif
| char lzma_auto_decoder (void);
| int
| main (void)
| {
| return lzma_auto_decoder ();
|   ;
|   return 0;
| }
configure:8420: result: no
configure:8471: checking for library containing ZSTD_decompress
configure:8507: gcc -o conftest -D_FORTIFY_SOURCE=2 -g -O2   conftest.c   >&5
/usr/bin/ld: /tmp/ccjIkbfz.o: in function `main':
/root/dataset_fuzz/elfutils-0.193/conftest.c:42: undefined reference to `ZSTD_decompress'
collect2: error: ld returned 1 exit status
configure:8507: $? = 1
configure: failed program was:
| /* confdefs.h */
| #define PACKAGE_NAME "elfutils"
| #define PACKAGE_TARNAME "elfutils"
| #define PACKAGE_VERSION "0.193"
| #define PACKAGE_STRING "elfutils 0.193"
| #define PACKAGE_BUGREPORT "https://sourceware.org/bugzilla"
| #define PACKAGE_URL "http://elfutils.org/"
| #define PACKAGE "elfutils"
| #define VERSION "0.193"
| #define DEFAULT_AR_DETERMINISTIC false
| #define YYTEXT_POINTER 1
| #define HAVE_VISIBILITY 1
| #define HAVE_GCC_STRUCT 1
| #define HAVE_STDIO_H 1
| #define HAVE_STDLIB_H 1
| #define HAVE_STRING_H 1
| #define HAVE_INTTYPES_H 1
| #define HAVE_STDINT_H 1
| #define HAVE_STRINGS_H 1
| #define HAVE_SYS_STAT_H 1
| #define HAVE_SYS_TYPES_H 1
| #define HAVE_UNISTD_H 1
| #define STDC_HEADERS 1
| #define HAVE_STDATOMIC_H 1
| #define CHECK_UNDEFINED 0
| #define USE_ZLIB 1
| /* end confdefs.h.  */
| 
| /* Override any GCC internal prototype to avoid an error.
|    Use char because int might match the return type of a GCC
|    builtin and then its argument prototype would still apply.
|    The 'extern "C"' is for builds by C++ compilers;
|    although this is not generally supported in C code supporting it here
|    has little cost and some practical benefit (sr 110532).  */
| #ifdef __cplusplus
| extern "C"
| #endif
| char ZSTD_decompress (void);
| int
| main (void)
| {
| return ZSTD_decompress ();
|   ;
|   return 0;
| }
configure:8507: gcc -o conftest -D_FORTIFY_SOURCE=2 -g -O2   conftest.c -lzstd    >&5
/usr/bin/ld: cannot find -lzstd: No such file or directory
collect2: error: ld returned 1 exit status
configure:8507: $? = 1
configure: failed program was:
| /* confdefs.h */
| #define PACKAGE_NAME "elfutils"
| #define PACKAGE_TARNAME "elfutils"
| #define PACKAGE_VERSION "0.193"
| #define PACKAGE_STRING "elfutils 0.193"
| #define PACKAGE_BUGREPORT "https://sourceware.org/bugzilla"
| #define PACKAGE_URL "http://elfutils.org/"
| #define PACKAGE "elfutils"
| #define VERSION "0.193"
| #define DEFAULT_AR_DETERMINISTIC false
| #define YYTEXT_POINTER 1
| #define HAVE_VISIBILITY 1
| #define HAVE_GCC_STRUCT 1
| #define HAVE_STDIO_H 1
| #define HAVE_STDLIB_H 1
| #define HAVE_STRING_H 1
| #define HAVE_INTTYPES_H 1
| #define HAVE_STDINT_H 1
| #define HAVE_STRINGS_H 1
| #define HAVE_SYS_STAT_H 1
| #define HAVE_SYS_TYPES_H 1
| #define HAVE_UNISTD_H 1
| #define STDC_HEADERS 1
| #define HAVE_STDATOMIC_H 1
| #define CHECK_UNDEFINED 0
| #define USE_ZLIB 1
| /* end confdefs.h.  */
| 
| /* Override any GCC internal prototype to avoid an error.
|    Use char because int might match the return type of a GCC
|    builtin and then its argument prototype would still apply.
|    The 'extern "C"' is for builds by C++ compilers;
|    although this is not generally supported in C code supporting it here
|    has little cost and some practical benefit (sr 110532).  */
| #ifdef __cplusplus
| extern "C"
| #endif
| char ZSTD_decompress (void);
| int
| main (void)
| {
| return ZSTD_decompress ();
|   ;
|   return 0;
| }
configure:8529: result: no
configure:8800: checking for gcc options needed to detect all undeclared functions
configure:8822: gcc -c -D_FORTIFY_SOURCE=2 -g -O2   conftest.c >&5
conftest.c: In function 'main':
conftest.c:32:8: error: 'strchr' undeclared (first use in this function)
   32 | (void) strchr;
      |        ^~~~~~
conftest.c:1:1: note: 'strchr' is defined in header '<string.h>'; did you forget to '#include <string.h>'?
    1 | /* confdefs.h */
conftest.c:32:8: note: each undeclared identifier is reported only once for each function it appears in
   32 | (void) strchr;
      |        ^~~~~~
configure:8822: $? = 1
configure: failed program was:
| /* confdefs.h */
| #define PACKAGE_NAME "elfutils"
| #define PACKAGE_TARNAME "elfutils"
| #define PACKAGE_VERSION "0.193"
| #define PACKAGE_STRING "elfutils 0.193"
| #define PACKAGE_BUGREPORT "https://sourceware.org/bugzilla"
| #define PACKAGE_URL "http://elfutils.org/"
| #define PACKAGE "elfutils"
| #define VERSION "0.193"
| #define DEFAULT_AR_DETERMINISTIC false
| #define YYTEXT_POINTER 1
| #define HAVE_VISIBILITY 1
| #define HAVE_GCC_STRUCT 1
| #define HAVE_STDIO_H 1
| #define HAVE_STDLIB_H 1
| #define HAVE_STRING_H 1
| #define HAVE_INTTYPES_H 1
| #define HAVE_STDINT_H 1
| #define HAVE_STRINGS_H 1
| #define HAVE_SYS_STAT_H 1
| #define HAVE_SYS_TYPES_H 1
| #define HAVE_UNISTD_H 1
| #define STDC_HEADERS 1
| #define HAVE_STDATOMIC_H 1
| #define CHECK_UNDEFINED 0
| #define USE_ZLIB 1
| /* end confdefs.h.  */
| 
| int
| main (void)
| {
| (void) strchr;
|   ;
|   return 0;
| }
configure:8849: gcc -c -D_FORTIFY_SOURCE=2 -g -O2   conftest.c >&5
configure:8849: $? = 0
configure:8869: result: none needed
configure:8883: checking whether memrchr is declared
configure:8883: gcc -c -D_FORTIFY_SOURCE=2 -g -O2   conftest.c >&5
configure:8883: $? = 0
configure:8883: result: yes
configure:8894: checking whether rawmemchr is declared
configure:8894: gcc -c -D_FORTIFY_SOURCE=2 -g -O2   conftest.c >&5
configure:8894: $? = 0
configure:8894: result: yes
configure:8906: checking whether powerof2 is declared
configure:8906: gcc -c -D_FORTIFY_SOURCE=2 -g -O2   conftest.c >&5
configure:8906: $? = 0
configure:8906: result: yes
configure:8917: checking whether mempcpy is declared
configure:8917: gcc -c -D_FORTIFY_SOURCE=2 -g -O2   conftest.c >&5
configure:8917: $? = 0
configure:8917: result: yes
configure:8929: checking whether reallocarray is declared
configure:8929: gcc -c -D_FORTIFY_SOURCE=2 -g -O2   conftest.c >&5
configure:8929: $? = 0
configure:8929: result: yes
configure:8942: checking for process_vm_readv
configure:8942: gcc -o conftest -D_FORTIFY_SOURCE=2 -g -O2   conftest.c  >&5
configure:8942: $? = 0
configure:8942: result: yes
configure:8948: checking for mremap
configure:8948: gcc -o conftest -D_FORTIFY_SOURCE=2 -g -O2   conftest.c  >&5
configure:8948: $? = 0
configure:8948: result: yes
configure:8962: checking for error.h
configure:8962: gcc -c -D_FORTIFY_SOURCE=2 -g -O2  conftest.c >&5
configure:8962: $? = 0
configure:8962: result: yes
configure:8965: checking for error
configure:8965: gcc -o conftest -D_FORTIFY_SOURCE=2 -g -O2   conftest.c  >&5
configure:8965: $? = 0
configure:8965: result: yes
configure:8975: checking for err.h
configure:8975: gcc -c -D_FORTIFY_SOURCE=2 -g -O2  conftest.c >&5
configure:8975: $? = 0
configure:8975: result: yes
configure:8983: checking for sched.h
configure:8983: gcc -c -D_FORTIFY_SOURCE=2 -g -O2  conftest.c >&5
configure:8983: $? = 0
configure:8983: result: yes
configure:8990: checking for sched_getaffinity
configure:8990: gcc -o conftest -D_FORTIFY_SOURCE=2 -g -O2   conftest.c  >&5
configure:8990: $? = 0
configure:8990: result: yes
configure:8997: checking for sys/resource.h
configure:8997: gcc -c -D_FORTIFY_SOURCE=2 -g -O2  conftest.c >&5
configure:8997: $? = 0
configure:8997: result: yes
configure:9004: checking for getrlimit
configure:9004: gcc -o conftest -D_FORTIFY_SOURCE=2 -g -O2   conftest.c  >&5
configure:9004: $? = 0
configure:9004: result: yes
configure:9011: checking for malloc.h
configure:9011: gcc -c -D_FORTIFY_SOURCE=2 -g -O2  conftest.c >&5
configure:9011: $? = 0
configure:9011: result: yes
configure:9018: checking for malloc_trim
configure:9018: gcc -o conftest -D_FORTIFY_SOURCE=2 -g -O2   conftest.c  >&5
configure:9018: $? = 0
configure:9018: result: yes
configure:9028: checking whether strerror_r is declared
configure:9028: gcc -c -D_FORTIFY_SOURCE=2 -g -O2 -D_GNU_SOURCE   conftest.c >&5
configure:9028: $? = 0
configure:9028: result: yes
configure:9048: checking whether strerror_r returns char *
configure:9073: gcc -c -D_FORTIFY_SOURCE=2 -g -O2 -D_GNU_SOURCE  conftest.c >&5
configure:9073: $? = 0
configure:9083: result: yes
configure:9104: checking for __cxa_demangle in -lstdc++
configure:9133: gcc -o conftest -D_FORTIFY_SOURCE=2 -g -O2   conftest.c -lstdc++   >&5
configure:9133: $? = 0
configure:9145: result: yes
configure:9210: checking whether symbol versioning is supported
configure:9224: gcc -c -D_FORTIFY_SOURCE=2 -g -O2  conftest.c >&5
configure:9224: $? = 0
configure:9234: result: yes
configure:9261: checking whether gcc accepts -Wstack-usage
configure:9273: gcc -c -D_FORTIFY_SOURCE=2 -g -O2 -Wstack-usage=262144 -Werror  conftest.c >&5
configure:9273: $? = 0
configure:9284: result: yes
configure:9296: checking whether gcc has a sane -Wlogical-op
configure:9309: gcc -c -D_FORTIFY_SOURCE=2 -g -O2 -Wlogical-op -Werror  conftest.c >&5
configure:9309: $? = 0
configure:9320: result: yes
configure:9332: checking whether gcc accepts -Wduplicated-cond
configure:9344: gcc -c -D_FORTIFY_SOURCE=2 -g -O2 -Wduplicated-cond -Werror  conftest.c >&5
configure:9344: $? = 0
configure:9355: result: yes
configure:9367: checking whether gcc accepts -Wnull-dereference
configure:9379: gcc -c -D_FORTIFY_SOURCE=2 -g -O2 -Wnull-dereference -Werror  conftest.c >&5
configure:9379: $? = 0
configure:9390: result: yes
configure:9402: checking whether gcc accepts -Wimplicit-fallthrough
configure:9414: gcc -c -D_FORTIFY_SOURCE=2 -g -O2 -Wimplicit-fallthrough -Werror  conftest.c >&5
configure:9414: $? = 0
configure:9425: result: yes
configure:9439: checking whether the compiler accepts -Wimplicit-fallthrough=5
configure:9451: gcc -c -D_FORTIFY_SOURCE=2 -g -O2 -Wimplicit-fallthrough=5 -Werror  conftest.c >&5
configure:9451: $? = 0
configure:9462: result: yes
configure:9480: checking whether the compiler accepts -Wtrampolines
configure:9492: gcc -c -D_FORTIFY_SOURCE=2 -g -O2 -Wtrampolines -Werror  conftest.c >&5
configure:9492: $? = 0
configure:9503: result: yes
configure:9514: checking whether the compiler accepts -Wno-packed-not-aligned
configure:9526: gcc -c -D_FORTIFY_SOURCE=2 -g -O2 -Wno-packed-not-aligned -Werror  conftest.c >&5
configure:9526: $? = 0
configure:9537: result: yes
configure:9548: checking whether the compiler accepts -Wuse-after-free=3
configure:9560: gcc -c -D_FORTIFY_SOURCE=2 -g -O2 -Wuse-after-free=3 -Werror  conftest.c >&5
gcc: error: unrecognized command-line option '-Wuse-after-free=3'
configure:9560: $? = 1
configure: failed program was:
| /* confdefs.h */
| #define PACKAGE_NAME "elfutils"
| #define PACKAGE_TARNAME "elfutils"
| #define PACKAGE_VERSION "0.193"
| #define PACKAGE_STRING "elfutils 0.193"
| #define PACKAGE_BUGREPORT "https://sourceware.org/bugzilla"
| #define PACKAGE_URL "http://elfutils.org/"
| #define PACKAGE "elfutils"
| #define VERSION "0.193"
| #define DEFAULT_AR_DETERMINISTIC false
| #define YYTEXT_POINTER 1
| #define HAVE_VISIBILITY 1
| #define HAVE_GCC_STRUCT 1
| #define HAVE_STDIO_H 1
| #define HAVE_STDLIB_H 1
| #define HAVE_STRING_H 1
| #define HAVE_INTTYPES_H 1
| #define HAVE_STDINT_H 1
| #define HAVE_STRINGS_H 1
| #define HAVE_SYS_STAT_H 1
| #define HAVE_SYS_TYPES_H 1
| #define HAVE_UNISTD_H 1
| #define STDC_HEADERS 1
| #define HAVE_STDATOMIC_H 1
| #define CHECK_UNDEFINED 0
| #define USE_ZLIB 1
| #define HAVE_DECL_MEMRCHR 1
| #define HAVE_DECL_RAWMEMCHR 1
| #define HAVE_DECL_POWEROF2 1
| #define HAVE_DECL_MEMPCPY 1
| #define HAVE_DECL_REALLOCARRAY 1
| #define HAVE_PROCESS_VM_READV 1
| #define HAVE_MREMAP 1
| #define HAVE_ERROR_H 1
| #define HAVE_ERR_H 1
| #define HAVE_SCHED_H 1
| #define HAVE_SCHED_GETAFFINITY 1
| #define HAVE_SYS_RESOURCE_H 1
| #define HAVE_GETRLIMIT 1
| #define HAVE_MALLOC_H 1
| #define HAVE_MALLOC_TRIM 1
| #define HAVE_DECL_STRERROR_R 1
| #define HAVE_STRERROR_R 1
| #define STRERROR_R_CHAR_P 1
| #define USE_DEMANGLE 1
| #define HAVE_FALLTHROUGH 1
| /* end confdefs.h.  */
| 
configure:9571: result: no
configure:9582: checking whether the compiler accepts -fno-addrsig
configure:9594: gcc -c -D_FORTIFY_SOURCE=2 -g -O2 -fno-addrsig -Werror  conftest.c >&5
gcc: error: unrecognized command-line option '-fno-addrsig'
configure:9594: $? = 1
configure: failed program was:
| /* confdefs.h */
| #define PACKAGE_NAME "elfutils"
| #define PACKAGE_TARNAME "elfutils"
| #define PACKAGE_VERSION "0.193"
| #define PACKAGE_STRING "elfutils 0.193"
| #define PACKAGE_BUGREPORT "https://sourceware.org/bugzilla"
| #define PACKAGE_URL "http://elfutils.org/"
| #define PACKAGE "elfutils"
| #define VERSION "0.193"
| #define DEFAULT_AR_DETERMINISTIC false
| #define YYTEXT_POINTER 1
| #define HAVE_VISIBILITY 1
| #define HAVE_GCC_STRUCT 1
| #define HAVE_STDIO_H 1
| #define HAVE_STDLIB_H 1
| #define HAVE_STRING_H 1
| #define HAVE_INTTYPES_H 1
| #define HAVE_STDINT_H 1
| #define HAVE_STRINGS_H 1
| #define HAVE_SYS_STAT_H 1
| #define HAVE_SYS_TYPES_H 1
| #define HAVE_UNISTD_H 1
| #define STDC_HEADERS 1
| #define HAVE_STDATOMIC_H 1
| #define CHECK_UNDEFINED 0
| #define USE_ZLIB 1
| #define HAVE_DECL_MEMRCHR 1
| #define HAVE_DECL_RAWMEMCHR 1
| #define HAVE_DECL_POWEROF2 1
| #define HAVE_DECL_MEMPCPY 1
| #define HAVE_DECL_REALLOCARRAY 1
| #define HAVE_PROCESS_VM_READV 1
| #define HAVE_MREMAP 1
| #define HAVE_ERROR_H 1
| #define HAVE_ERR_H 1
| #define HAVE_SCHED_H 1
| #define HAVE_SCHED_GETAFFINITY 1
| #define HAVE_SYS_RESOURCE_H 1
| #define HAVE_GETRLIMIT 1
| #define HAVE_MALLOC_H 1
| #define HAVE_MALLOC_TRIM 1
| #define HAVE_DECL_STRERROR_R 1
| #define HAVE_STRERROR_R 1
| #define STRERROR_R_CHAR_P 1
| #define USE_DEMANGLE 1
| #define HAVE_FALLTHROUGH 1
| /* end confdefs.h.  */
| 
configure:9605: result: no
configure:9613: checking for library containing argp_parse
configure:9649: gcc -o conftest -D_FORTIFY_SOURCE=2 -g -O2   conftest.c  >&5
configure:9649: $? = 0
configure:9671: result: none required
configure:9692: checking for library containing fts_close
configure:9728: gcc -o conftest -D_FORTIFY_SOURCE=2 -g -O2   conftest.c  >&5
configure:9728: $? = 0
configure:9750: result: none required
configure:9771: checking for library containing _obstack_free
configure:9807: gcc -o conftest -D_FORTIFY_SOURCE=2 -g -O2   conftest.c  >&5
configure:9807: $? = 0
configure:9829: result: none required
configure:9892: checking for a sed that does not truncate output
configure:9964: result: /usr/bin/sed
configure:9970: checking whether NLS is requested
configure:9981: result: yes
configure:10021: checking for msgfmt
configure: trying /usr/bin/msgfmt...
0 translated messages.
configure:10055: result: /usr/bin/msgfmt
configure:10064: checking for gmsgfmt
configure:10101: result: /usr/bin/msgfmt
configure:10146: checking for xgettext
configure: trying /usr/bin/xgettext...
/usr/bin/xgettext: warning: file '/dev/null' extension '' is unknown; will try C
configure:10180: result: /usr/bin/xgettext
configure:10225: checking for msgmerge
configure: trying /usr/bin/msgmerge...
configure:10258: result: /usr/bin/msgmerge
configure:10327: checking for ld used by gcc
configure:10457: result: /usr/bin/ld
configure:10464: checking if the linker (/usr/bin/ld) is GNU ld
configure:10481: result: yes
configure:10489: checking for shared library run path origin
configure:10504: result: done
configure:10527: checking 32-bit host C ABI
configure:10580: gcc -c -D_FORTIFY_SOURCE=2 -g -O2  conftest.c >&5
configure:10580: $? = 0
configure:10594: result: no
configure:10604: checking how to run the C preprocessor
configure:10630: gcc -E  conftest.c
configure:10630: $? = 0
configure:10646: gcc -E  conftest.c
conftest.c:48:10: fatal error: ac_nonexistent.h: No such file or directory
   48 | #include <ac_nonexistent.h>
      |          ^~~~~~~~~~~~~~~~~~
compilation terminated.
configure:10646: $? = 1
configure: failed program was:
| /* confdefs.h */
| #define PACKAGE_NAME "elfutils"
| #define PACKAGE_TARNAME "elfutils"
| #define PACKAGE_VERSION "0.193"
| #define PACKAGE_STRING "elfutils 0.193"
| #define PACKAGE_BUGREPORT "https://sourceware.org/bugzilla"
| #define PACKAGE_URL "http://elfutils.org/"
| #define PACKAGE "elfutils"
| #define VERSION "0.193"
| #define DEFAULT_AR_DETERMINISTIC false
| #define YYTEXT_POINTER 1
| #define HAVE_VISIBILITY 1
| #define HAVE_GCC_STRUCT 1
| #define HAVE_STDIO_H 1
| #define HAVE_STDLIB_H 1
| #define HAVE_STRING_H 1
| #define HAVE_INTTYPES_H 1
| #define HAVE_STDINT_H 1
| #define HAVE_STRINGS_H 1
| #define HAVE_SYS_STAT_H 1
| #define HAVE_SYS_TYPES_H 1
| #define HAVE_UNISTD_H 1
| #define STDC_HEADERS 1
| #define HAVE_STDATOMIC_H 1
| #define CHECK_UNDEFINED 0
| #define USE_ZLIB 1
| #define HAVE_DECL_MEMRCHR 1
| #define HAVE_DECL_RAWMEMCHR 1
| #define HAVE_DECL_POWEROF2 1
| #define HAVE_DECL_MEMPCPY 1
| #define HAVE_DECL_REALLOCARRAY 1
| #define HAVE_PROCESS_VM_READV 1
| #define HAVE_MREMAP 1
| #define HAVE_ERROR_H 1
| #define HAVE_ERR_H 1
| #define HAVE_SCHED_H 1
| #define HAVE_SCHED_GETAFFINITY 1
| #define HAVE_SYS_RESOURCE_H 1
| #define HAVE_GETRLIMIT 1
| #define HAVE_MALLOC_H 1
| #define HAVE_MALLOC_TRIM 1
| #define HAVE_DECL_STRERROR_R 1
| #define HAVE_STRERROR_R 1
| #define STRERROR_R_CHAR_P 1
| #define USE_DEMANGLE 1
| #define HAVE_FALLTHROUGH 1
| /* end confdefs.h.  */
| #include <ac_nonexistent.h>
configure:10675: result: gcc -E
configure:10689: gcc -E  conftest.c
configure:10689: $? = 0
configure:10705: gcc -E  conftest.c
conftest.c:48:10: fatal error: ac_nonexistent.h: No such file or directory
   48 | #include <ac_nonexistent.h>
      |          ^~~~~~~~~~~~~~~~~~
compilation terminated.
configure:10705: $? = 1
configure: failed program was:
| /* confdefs.h */
| #define PACKAGE_NAME "elfutils"
| #define PACKAGE_TARNAME "elfutils"
| #define PACKAGE_VERSION "0.193"
| #define PACKAGE_STRING "elfutils 0.193"
| #define PACKAGE_BUGREPORT "https://sourceware.org/bugzilla"
| #define PACKAGE_URL "http://elfutils.org/"
| #define PACKAGE "elfutils"
| #define VERSION "0.193"
| #define DEFAULT_AR_DETERMINISTIC false
| #define YYTEXT_POINTER 1
| #define HAVE_VISIBILITY 1
| #define HAVE_GCC_STRUCT 1
| #define HAVE_STDIO_H 1
| #define HAVE_STDLIB_H 1
| #define HAVE_STRING_H 1
| #define HAVE_INTTYPES_H 1
| #define HAVE_STDINT_H 1
| #define HAVE_STRINGS_H 1
| #define HAVE_SYS_STAT_H 1
| #define HAVE_SYS_TYPES_H 1
| #define HAVE_UNISTD_H 1
| #define STDC_HEADERS 1
| #define HAVE_STDATOMIC_H 1
| #define CHECK_UNDEFINED 0
| #define USE_ZLIB 1
| #define HAVE_DECL_MEMRCHR 1
| #define HAVE_DECL_RAWMEMCHR 1
| #define HAVE_DECL_POWEROF2 1
| #define HAVE_DECL_MEMPCPY 1
| #define HAVE_DECL_REALLOCARRAY 1
| #define HAVE_PROCESS_VM_READV 1
| #define HAVE_MREMAP 1
| #define HAVE_ERROR_H 1
| #define HAVE_ERR_H 1
| #define HAVE_SCHED_H 1
| #define HAVE_SCHED_GETAFFINITY 1
| #define HAVE_SYS_RESOURCE_H 1
| #define HAVE_GETRLIMIT 1
| #define HAVE_MALLOC_H 1
| #define HAVE_MALLOC_TRIM 1
| #define HAVE_DECL_STRERROR_R 1
| #define HAVE_STRERROR_R 1
| #define STRERROR_R_CHAR_P 1
| #define USE_DEMANGLE 1
| #define HAVE_FALLTHROUGH 1
| /* end confdefs.h.  */
| #include <ac_nonexistent.h>
configure:10738: checking for egrep -e
configure:10868: result: /usr/bin/grep -E
configure:10876: checking for ELF binary format
configure:10902: result: yes
configure:10954: checking for the common suffixes of directories in the library search path
configure:11031: result: lib,lib,lib64
configure:11602: checking for CFPreferencesCopyAppValue
configure:11621: gcc -o conftest -D_FORTIFY_SOURCE=2 -g -O2   conftest.c  -Wl,-framework -Wl,CoreFoundation >&5
conftest.c:48:10: fatal error: CoreFoundation/CFPreferences.h: No such file or directory
   48 | #include <CoreFoundation/CFPreferences.h>
      |          ^~~~~~~~~~~~~~~~~~~~~~~~~~~~~~~~
compilation terminated.
configure:11621: $? = 1
configure: failed program was:
| /* confdefs.h */
| #define PACKAGE_NAME "elfutils"
| #define PACKAGE_TARNAME "elfutils"
| #define PACKAGE_VERSION "0.193"
| #define PACKAGE_STRING "elfutils 0.193"
| #define PACKAGE_BUGREPORT "https://sourceware.org/bugzilla"
| #define PACKAGE_URL "http://elfutils.org/"
| #define PACKAGE "elfutils"
| #define VERSION "0.193"
| #define DEFAULT_AR_DETERMINISTIC false
| #define YYTEXT_POINTER 1
| #define HAVE_VISIBILITY 1
| #define HAVE_GCC_STRUCT 1
| #define HAVE_STDIO_H 1
| #define HAVE_STDLIB_H 1
| #define HAVE_STRING_H 1
| #define HAVE_INTTYPES_H 1
| #define HAVE_STDINT_H 1
| #define HAVE_STRINGS_H 1
| #define HAVE_SYS_STAT_H 1
| #define HAVE_SYS_TYPES_H 1
| #define HAVE_UNISTD_H 1
| #define STDC_HEADERS 1
| #define HAVE_STDATOMIC_H 1
| #define CHECK_UNDEFINED 0
| #define USE_ZLIB 1
| #define HAVE_DECL_MEMRCHR 1
| #define HAVE_DECL_RAWMEMCHR 1
| #define HAVE_DECL_POWEROF2 1
| #define HAVE_DECL_MEMPCPY 1
| #define HAVE_DECL_REALLOCARRAY 1
| #define HAVE_PROCESS_VM_READV 1
| #define HAVE_MREMAP 1
| #define HAVE_ERROR_H 1
| #define HAVE_ERR_H 1
| #define HAVE_SCHED_H 1
| #define HAVE_SCHED_GETAFFINITY 1
| #define HAVE_SYS_RESOURCE_H 1
| #define HAVE_GETRLIMIT 1
| #define HAVE_MALLOC_H 1
| #define HAVE_MALLOC_TRIM 1
| #define HAVE_DECL_STRERROR_R 1
| #define HAVE_STRERROR_R 1
| #define STRERROR_R_CHAR_P 1
| #define USE_DEMANGLE 1
| #define HAVE_FALLTHROUGH 1
| /* end confdefs.h.  */
| #include <CoreFoundation/CFPreferences.h>
| int
| main (void)
| {
| CFPreferencesCopyAppValue(NULL, NULL)
|   ;
|   return 0;
| }
configure:11633: result: no
configure:11640: checking for CFLocaleCopyPreferredLanguages
configure:11659: gcc -o conftest -D_FORTIFY_SOURCE=2 -g -O2   conftest.c  -Wl,-framework -Wl,CoreFoundation >&5
conftest.c:48:10: fatal error: CoreFoundation/CFLocale.h: No such file or directory
   48 | #include <CoreFoundation/CFLocale.h>
      |          ^~~~~~~~~~~~~~~~~~~~~~~~~~~
compilation terminated.
configure:11659: $? = 1
configure: failed program was:
| /* confdefs.h */
| #define PACKAGE_NAME "elfutils"
| #define PACKAGE_TARNAME "elfutils"
| #define PACKAGE_VERSION "0.193"
| #define PACKAGE_STRING "elfutils 0.193"
| #define PACKAGE_BUGREPORT "https://sourceware.org/bugzilla"
| #define PACKAGE_URL "http://elfutils.org/"
| #define PACKAGE "elfutils"
| #define VERSION "0.193"
| #define DEFAULT_AR_DETERMINISTIC false
| #define YYTEXT_POINTER 1
| #define HAVE_VISIBILITY 1
| #define HAVE_GCC_STRUCT 1
| #define HAVE_STDIO_H 1
| #define HAVE_STDLIB_H 1
| #define HAVE_STRING_H 1
| #define HAVE_INTTYPES_H 1
| #define HAVE_STDINT_H 1
| #define HAVE_STRINGS_H 1
| #define HAVE_SYS_STAT_H 1
| #define HAVE_SYS_TYPES_H 1
| #define HAVE_UNISTD_H 1
| #define STDC_HEADERS 1
| #define HAVE_STDATOMIC_H 1
| #define CHECK_UNDEFINED 0
| #define USE_ZLIB 1
| #define HAVE_DECL_MEMRCHR 1
| #define HAVE_DECL_RAWMEMCHR 1
| #define HAVE_DECL_POWEROF2 1
| #define HAVE_DECL_MEMPCPY 1
| #define HAVE_DECL_REALLOCARRAY 1
| #define HAVE_PROCESS_VM_READV 1
| #define HAVE_MREMAP 1
| #define HAVE_ERROR_H 1
| #define HAVE_ERR_H 1
| #define HAVE_SCHED_H 1
| #define HAVE_SCHED_GETAFFINITY 1
| #define HAVE_SYS_RESOURCE_H 1
| #define HAVE_GETRLIMIT 1
| #define HAVE_MALLOC_H 1
| #define HAVE_MALLOC_TRIM 1
| #define HAVE_DECL_STRERROR_R 1
| #define HAVE_STRERROR_R 1
| #define STRERROR_R_CHAR_P 1
| #define USE_DEMANGLE 1
| #define HAVE_FALLTHROUGH 1
| /* end confdefs.h.  */
| #include <CoreFoundation/CFLocale.h>
| int
| main (void)
| {
| CFLocaleCopyPreferredLanguages();
|   ;
|   return 0;
| }
configure:11671: result: no
configure:11721: checking for GNU gettext in libc
configure:11751: gcc -o conftest -D_FORTIFY_SOURCE=2 -g -O2   conftest.c  >&5
configure:11751: $? = 0
configure:11763: result: yes
configure:12703: checking whether to use NLS
configure:12705: result: yes
configure:12708: checking where the gettext function comes from
configure:12719: result: libc
configure:12827: checking size of long
configure:12833: gcc -o conftest -D_FORTIFY_SOURCE=2 -g -O2   conftest.c  >&5
configure:12833: $? = 0
configure:12833: ./conftest
configure:12833: $? = 0
configure:12850: result: 8
configure:12862: checking for struct user_regs_struct
configure:12862: gcc -c -D_FORTIFY_SOURCE=2 -g -O2  conftest.c >&5
configure:12862: $? = 0
configure:12862: gcc -c -D_FORTIFY_SOURCE=2 -g -O2  conftest.c >&5
conftest.c: In function 'main':
conftest.c:59:38: error: expected expression before ')' token
   59 | if (sizeof ((struct user_regs_struct)))
      |                                      ^
configure:12862: $? = 1
configure: failed program was:
| /* confdefs.h */
| #define PACKAGE_NAME "elfutils"
| #define PACKAGE_TARNAME "elfutils"
| #define PACKAGE_VERSION "0.193"
| #define PACKAGE_STRING "elfutils 0.193"
| #define PACKAGE_BUGREPORT "https://sourceware.org/bugzilla"
| #define PACKAGE_URL "http://elfutils.org/"
| #define PACKAGE "elfutils"
| #define VERSION "0.193"
| #define DEFAULT_AR_DETERMINISTIC false
| #define YYTEXT_POINTER 1
| #define HAVE_VISIBILITY 1
| #define HAVE_GCC_STRUCT 1
| #define HAVE_STDIO_H 1
| #define HAVE_STDLIB_H 1
| #define HAVE_STRING_H 1
| #define HAVE_INTTYPES_H 1
| #define HAVE_STDINT_H 1
| #define HAVE_STRINGS_H 1
| #define HAVE_SYS_STAT_H 1
| #define HAVE_SYS_TYPES_H 1
| #define HAVE_UNISTD_H 1
| #define STDC_HEADERS 1
| #define HAVE_STDATOMIC_H 1
| #define CHECK_UNDEFINED 0
| #define USE_ZLIB 1
| #define HAVE_DECL_MEMRCHR 1
| #define HAVE_DECL_RAWMEMCHR 1
| #define HAVE_DECL_POWEROF2 1
| #define HAVE_DECL_MEMPCPY 1
| #define HAVE_DECL_REALLOCARRAY 1
| #define HAVE_PROCESS_VM_READV 1
| #define HAVE_MREMAP 1
| #define HAVE_ERROR_H 1
| #define HAVE_ERR_H 1
| #define HAVE_SCHED_H 1
| #define HAVE_SCHED_GETAFFINITY 1
| #define HAVE_SYS_RESOURCE_H 1
| #define HAVE_GETRLIMIT 1
| #define HAVE_MALLOC_H 1
| #define HAVE_MALLOC_TRIM 1
| #define HAVE_DECL_STRERROR_R 1
| #define HAVE_STRERROR_R 1
| #define STRERROR_R_CHAR_P 1
| #define USE_DEMANGLE 1
| #define HAVE_FALLTHROUGH 1
| #define ENABLE_NLS 1
| #define HAVE_GETTEXT 1
| #define HAVE_DCGETTEXT 1
| #define SIZEOF_LONG 8
| /* end confdefs.h.  */
| #include <sys/ptrace.h>
|                #include <sys/time.h>
|                #include <sys/user.h>
| 
| int
| main (void)
| {
| if (sizeof ((struct user_regs_struct)))
| 	    return 0;
|   ;
|   return 0;
| }
configure:12862: result: yes
configure:12880: checking for struct user_pac_mask
configure:12880: gcc -c -D_FORTIFY_SOURCE=2 -g -O2  conftest.c >&5
conftest.c: In function 'main':
conftest.c:58:13: error: invalid application of 'sizeof' to incomplete type 'struct user_pac_mask'
   58 | if (sizeof (struct user_pac_mask))
      |             ^~~~~~
configure:12880: $? = 1
configure: failed program was:
| /* confdefs.h */
| #define PACKAGE_NAME "elfutils"
| #define PACKAGE_TARNAME "elfutils"
| #define PACKAGE_VERSION "0.193"
| #define PACKAGE_STRING "elfutils 0.193"
| #define PACKAGE_BUGREPORT "https://sourceware.org/bugzilla"
| #define PACKAGE_URL "http://elfutils.org/"
| #define PACKAGE "elfutils"
| #define VERSION "0.193"
| #define DEFAULT_AR_DETERMINISTIC false
| #define YYTEXT_POINTER 1
| #define HAVE_VISIBILITY 1
| #define HAVE_GCC_STRUCT 1
| #define HAVE_STDIO_H 1
| #define HAVE_STDLIB_H 1
| #define HAVE_STRING_H 1
| #define HAVE_INTTYPES_H 1
| #define HAVE_STDINT_H 1
| #define HAVE_STRINGS_H 1
| #define HAVE_SYS_STAT_H 1
| #define HAVE_SYS_TYPES_H 1
| #define HAVE_UNISTD_H 1
| #define STDC_HEADERS 1
| #define HAVE_STDATOMIC_H 1
| #define CHECK_UNDEFINED 0
| #define USE_ZLIB 1
| #define HAVE_DECL_MEMRCHR 1
| #define HAVE_DECL_RAWMEMCHR 1
| #define HAVE_DECL_POWEROF2 1
| #define HAVE_DECL_MEMPCPY 1
| #define HAVE_DECL_REALLOCARRAY 1
| #define HAVE_PROCESS_VM_READV 1
| #define HAVE_MREMAP 1
| #define HAVE_ERROR_H 1
| #define HAVE_ERR_H 1
| #define HAVE_SCHED_H 1
| #define HAVE_SCHED_GETAFFINITY 1
| #define HAVE_SYS_RESOURCE_H 1
| #define HAVE_GETRLIMIT 1
| #define HAVE_MALLOC_H 1
| #define HAVE_MALLOC_TRIM 1
| #define HAVE_DECL_STRERROR_R 1
| #define HAVE_STRERROR_R 1
| #define STRERROR_R_CHAR_P 1
| #define USE_DEMANGLE 1
| #define HAVE_FALLTHROUGH 1
| #define ENABLE_NLS 1
| #define HAVE_GETTEXT 1
| #define HAVE_DCGETTEXT 1
| #define SIZEOF_LONG 8
| #define HAVE_SYS_USER_REGS 1
| /* end confdefs.h.  */
| #include <asm/ptrace.h>
| 
| int
| main (void)
| {
| if (sizeof (struct user_pac_mask))
| 	 return 0;
|   ;
|   return 0;
| }
configure:12880: result: no
configure:12897: checking gcc option for 32-bit word size
configure:12911: gcc -m32 -c -D_FORTIFY_SOURCE=2 -g -O2  conftest.c >&5
configure:12911: $? = 0
configure:12921: result: -m32
configure:12926: checking for 64-bit host
configure:12951: result: yes
configure:12984: checking whether gcc -m32 makes executables we can run
configure:13007: gcc -m32 -o conftest -D_FORTIFY_SOURCE=2 -g -O2   conftest.c  >&5
/usr/bin/ld: cannot find Scrt1.o: No such file or directory
/usr/bin/ld: cannot find crti.o: No such file or directory
/usr/bin/ld: skipping incompatible /usr/lib/gcc/x86_64-linux-gnu/11/libgcc.a when searching for -lgcc
/usr/bin/ld: cannot find -lgcc: No such file or directory
/usr/bin/ld: skipping incompatible /usr/lib/gcc/x86_64-linux-gnu/11/libgcc.a when searching for -lgcc
/usr/bin/ld: cannot find -lgcc: No such file or directory
collect2: error: ld returned 1 exit status
configure:13007: $? = 1
configure: program exited with status 1
configure: failed program was:
| /* confdefs.h */
| #define PACKAGE_NAME "elfutils"
| #define PACKAGE_TARNAME "elfutils"
| #define PACKAGE_VERSION "0.193"
| #define PACKAGE_STRING "elfutils 0.193"
| #define PACKAGE_BUGREPORT "https://sourceware.org/bugzilla"
| #define PACKAGE_URL "http://elfutils.org/"
| #define PACKAGE "elfutils"
| #define VERSION "0.193"
| #define DEFAULT_AR_DETERMINISTIC false
| #define YYTEXT_POINTER 1
| #define HAVE_VISIBILITY 1
| #define HAVE_GCC_STRUCT 1
| #define HAVE_STDIO_H 1
| #define HAVE_STDLIB_H 1
| #define HAVE_STRING_H 1
| #define HAVE_INTTYPES_H 1
| #define HAVE_STDINT_H 1
| #define HAVE_STRINGS_H 1
| #define HAVE_SYS_STAT_H 1
| #define HAVE_SYS_TYPES_H 1
| #define HAVE_UNISTD_H 1
| #define STDC_HEADERS 1
| #define HAVE_STDATOMIC_H 1
| #define CHECK_UNDEFINED 0
| #define USE_ZLIB 1
| #define HAVE_DECL_MEMRCHR 1
| #define HAVE_DECL_RAWMEMCHR 1
| #define HAVE_DECL_POWEROF2 1
| #define HAVE_DECL_MEMPCPY 1
| #define HAVE_DECL_REALLOCARRAY 1
| #define HAVE_PROCESS_VM_READV 1
| #define HAVE_MREMAP 1
| #define HAVE_ERROR_H 1
| #define HAVE_ERR_H 1
| #define HAVE_SCHED_H 1
| #define HAVE_SCHED_GETAFFINITY 1
| #define HAVE_SYS_RESOURCE_H 1
| #define HAVE_GETRLIMIT 1
| #define HAVE_MALLOC_H 1
| #define HAVE_MALLOC_TRIM 1
| #define HAVE_DECL_STRERROR_R 1
| #define HAVE_STRERROR_R 1
| #define STRERROR_R_CHAR_P 1
| #define USE_DEMANGLE 1
| #define HAVE_FALLTHROUGH 1
| #define ENABLE_NLS 1
| #define HAVE_GETTEXT 1
| #define HAVE_DCGETTEXT 1
| #define SIZEOF_LONG 8
| #define HAVE_SYS_USER_REGS 1
| /* end confdefs.h.  */
| 
| int
| main (void)
| {
| 
|   ;
|   return 0;
| }
configure:13022: result: no
configure:13030: WARNING: not running biarch tests, gcc -m32 does not work
configure:13051: checking for flex
configure:13072: found /usr/bin/flex
configure:13085: result: yes
configure:13098: checking for bison
configure:13119: found /usr/bin/bison
configure:13132: result: yes
configure:13145: checking for gawk
configure:13166: found /usr/bin/gawk
configure:13179: result: yes
configure:13199: checking for bunzip2
configure:13220: found /usr/bin/bunzip2
configure:13233: result: yes
configure:13249: checking for zstd
configure:13283: result: no
configure:13323: checking whether g++ supports C++11 features with -std=c++11
configure:13626: g++ -std=c++11 -c -D_FORTIFY_SOURCE=2 -g -O2  conftest.cpp >&5
configure:13626: $? = 0
configure:13638: result: yes
configure:13693: checking for execinfo.h
configure:13693: gcc -c -D_FORTIFY_SOURCE=2 -g -O2  conftest.c >&5
configure:13693: $? = 0
configure:13693: result: yes
configure:13784: checking for pkg-config
configure:13807: found /usr/bin/pkg-config
configure:13820: result: /usr/bin/pkg-config
configure:13845: checking pkg-config is at least version 0.9.0
configure:13848: result: yes
configure:13861: checking for libcurl >= 7.29.0
configure:13868: $PKG_CONFIG --exists --print-errors "libcurl >= 7.29.0"
configure:13871: $? = 0
configure:13885: $PKG_CONFIG --exists --print-errors "libcurl >= 7.29.0"
configure:13888: $? = 0
configure:13926: result: yes
configure:13932: checking for json-c >= 0.11
configure:13939: $PKG_CONFIG --exists --print-errors "json-c >= 0.11"
Package json-c was not found in the pkg-config search path.
Perhaps you should add the directory containing `json-c.pc'
to the PKG_CONFIG_PATH environment variable
No package 'json-c' found
configure:13942: $? = 1
configure:13956: $PKG_CONFIG --exists --print-errors "json-c >= 0.11"
Package json-c was not found in the pkg-config search path.
Perhaps you should add the directory containing `json-c.pc'
to the PKG_CONFIG_PATH environment variable
No package 'json-c' found
configure:13959: $? = 1
configure:13973: result: no
No package 'json-c' found
configure:14016: checking for libmicrohttpd >= 0.9.33
configure:14023: $PKG_CONFIG --exists --print-errors "libmicrohttpd >= 0.9.33"
Package libmicrohttpd was not found in the pkg-config search path.
Perhaps you should add the directory containing `libmicrohttpd.pc'
to the PKG_CONFIG_PATH environment variable
No package 'libmicrohttpd' found
configure:14026: $? = 1
configure:14040: $PKG_CONFIG --exists --print-errors "libmicrohttpd >= 0.9.33"
Package libmicrohttpd was not found in the pkg-config search path.
Perhaps you should add the directory containing `libmicrohttpd.pc'
to the PKG_CONFIG_PATH environment variable
No package 'libmicrohttpd' found
configure:14043: $? = 1
configure:14057: result: no
No package 'libmicrohttpd' found
configure:14087: checking for libmicrohttpd < 0.9.51
configure:14094: $PKG_CONFIG --exists --print-errors "libmicrohttpd < 0.9.51"
Package libmicrohttpd was not found in the pkg-config search path.
Perhaps you should add the directory containing `libmicrohttpd.pc'
to the PKG_CONFIG_PATH environment variable
No package 'libmicrohttpd' found
configure:14097: $? = 1
configure:14111: $PKG_CONFIG --exists --print-errors "libmicrohttpd < 0.9.51"
Package libmicrohttpd was not found in the pkg-config search path.
Perhaps you should add the directory containing `libmicrohttpd.pc'
to the PKG_CONFIG_PATH environment variable
No package 'libmicrohttpd' found
configure:14114: $? = 1
configure:14128: result: no
No package 'libmicrohttpd' found
configure:14158: checking for sqlite3 >= 3.7.17
configure:14165: $PKG_CONFIG --exists --print-errors "sqlite3 >= 3.7.17"
Package sqlite3 was not found in the pkg-config search path.
Perhaps you should add the directory containing `sqlite3.pc'
to the PKG_CONFIG_PATH environment variable
No package 'sqlite3' found
configure:14168: $? = 1
configure:14182: $PKG_CONFIG --exists --print-errors "sqlite3 >= 3.7.17"
Package sqlite3 was not found in the pkg-config search path.
Perhaps you should add the directory containing `sqlite3.pc'
to the PKG_CONFIG_PATH environment variable
No package 'sqlite3' found
configure:14185: $? = 1
configure:14199: result: no
No package 'sqlite3' found
configure:14229: checking for libarchive >= 3.1.2
configure:14236: $PKG_CONFIG --exists --print-errors "libarchive >= 3.1.2"
Package libarchive was not found in the pkg-config search path.
Perhaps you should add the directory containing `libarchive.pc'
to the PKG_CONFIG_PATH environment variable
No package 'libarchive' found
configure:14239: $? = 1
configure:14253: $PKG_CONFIG --exists --print-errors "libarchive >= 3.1.2"
Package libarchive was not found in the pkg-config search path.
Perhaps you should add the directory containing `libarchive.pc'
to the PKG_CONFIG_PATH environment variable
No package 'libarchive' found
configure:14256: $? = 1
configure:14270: result: no
No package 'libarchive' found
configure:14310: checking for headerGet in -lrpm
configure:14339: gcc -o conftest -D_FORTIFY_SOURCE=2 -g -O2   conftest.c -lrpm   >&5
/usr/bin/ld: cannot find -lrpm: No such file or directory
collect2: error: ld returned 1 exit status
configure:14339: $? = 1
configure: failed program was:
| /* confdefs.h */
| #define PACKAGE_NAME "elfutils"
| #define PACKAGE_TARNAME "elfutils"
| #define PACKAGE_VERSION "0.193"
| #define PACKAGE_STRING "elfutils 0.193"
| #define PACKAGE_BUGREPORT "https://sourceware.org/bugzilla"
| #define PACKAGE_URL "http://elfutils.org/"
| #define PACKAGE "elfutils"
| #define VERSION "0.193"
| #define DEFAULT_AR_DETERMINISTIC false
| #define YYTEXT_POINTER 1
| #define HAVE_VISIBILITY 1
| #define HAVE_GCC_STRUCT 1
| #define HAVE_STDIO_H 1
| #define HAVE_STDLIB_H 1
| #define HAVE_STRING_H 1
| #define HAVE_INTTYPES_H 1
| #define HAVE_STDINT_H 1
| #define HAVE_STRINGS_H 1
| #define HAVE_SYS_STAT_H 1
| #define HAVE_SYS_TYPES_H 1
| #define HAVE_UNISTD_H 1
| #define STDC_HEADERS 1
| #define HAVE_STDATOMIC_H 1
| #define CHECK_UNDEFINED 0
| #define USE_ZLIB 1
| #define HAVE_DECL_MEMRCHR 1
| #define HAVE_DECL_RAWMEMCHR 1
| #define HAVE_DECL_POWEROF2 1
| #define HAVE_DECL_MEMPCPY 1
| #define HAVE_DECL_REALLOCARRAY 1
| #define HAVE_PROCESS_VM_READV 1
| #define HAVE_MREMAP 1
| #define HAVE_ERROR_H 1
| #define HAVE_ERR_H 1
| #define HAVE_SCHED_H 1
| #define HAVE_SCHED_GETAFFINITY 1
| #define HAVE_SYS_RESOURCE_H 1
| #define HAVE_GETRLIMIT 1
| #define HAVE_MALLOC_H 1
| #define HAVE_MALLOC_TRIM 1
| #define HAVE_DECL_STRERROR_R 1
| #define HAVE_STRERROR_R 1
| #define STRERROR_R_CHAR_P 1
| #define USE_DEMANGLE 1
| #define HAVE_FALLTHROUGH 1
| #define ENABLE_NLS 1
| #define HAVE_GETTEXT 1
| #define HAVE_DCGETTEXT 1
| #define SIZEOF_LONG 8
| #define HAVE_SYS_USER_REGS 1
| #define HAVE_CXX11 1
| #define HAVE_EXECINFO_H 1
| /* end confdefs.h.  */
| 
| /* Override any GCC internal prototype to avoid an error.
|    Use char because int might match the return type of a GCC
|    builtin and then its argument prototype would still apply.
|    The 'extern "C"' is for builds by C++ compilers;
|    although this is not generally supported in C code supporting it here
|    has little cost and some practical benefit (sr 110532).  */
| #ifdef __cplusplus
| extern "C"
| #endif
| char headerGet (void);
| int
| main (void)
| {
| return headerGet ();
|   ;
|   return 0;
| }
configure:14351: result: no
configure:14364: checking for EVP_MD_CTX_new in -lcrypto
configure:14393: gcc -o conftest -D_FORTIFY_SOURCE=2 -g -O2   conftest.c -lcrypto   >&5
/usr/bin/ld: cannot find -lcrypto: No such file or directory
collect2: error: ld returned 1 exit status
configure:14393: $? = 1
configure: failed program was:
| /* confdefs.h */
| #define PACKAGE_NAME "elfutils"
| #define PACKAGE_TARNAME "elfutils"
| #define PACKAGE_VERSION "0.193"
| #define PACKAGE_STRING "elfutils 0.193"
| #define PACKAGE_BUGREPORT "https://sourceware.org/bugzilla"
| #define PACKAGE_URL "http://elfutils.org/"
| #define PACKAGE "elfutils"
| #define VERSION "0.193"
| #define DEFAULT_AR_DETERMINISTIC false
| #define YYTEXT_POINTER 1
| #define HAVE_VISIBILITY 1
| #define HAVE_GCC_STRUCT 1
| #define HAVE_STDIO_H 1
| #define HAVE_STDLIB_H 1
| #define HAVE_STRING_H 1
| #define HAVE_INTTYPES_H 1
| #define HAVE_STDINT_H 1
| #define HAVE_STRINGS_H 1
| #define HAVE_SYS_STAT_H 1
| #define HAVE_SYS_TYPES_H 1
| #define HAVE_UNISTD_H 1
| #define STDC_HEADERS 1
| #define HAVE_STDATOMIC_H 1
| #define CHECK_UNDEFINED 0
| #define USE_ZLIB 1
| #define HAVE_DECL_MEMRCHR 1
| #define HAVE_DECL_RAWMEMCHR 1
| #define HAVE_DECL_POWEROF2 1
| #define HAVE_DECL_MEMPCPY 1
| #define HAVE_DECL_REALLOCARRAY 1
| #define HAVE_PROCESS_VM_READV 1
| #define HAVE_MREMAP 1
| #define HAVE_ERROR_H 1
| #define HAVE_ERR_H 1
| #define HAVE_SCHED_H 1
| #define HAVE_SCHED_GETAFFINITY 1
| #define HAVE_SYS_RESOURCE_H 1
| #define HAVE_GETRLIMIT 1
| #define HAVE_MALLOC_H 1
| #define HAVE_MALLOC_TRIM 1
| #define HAVE_DECL_STRERROR_R 1
| #define HAVE_STRERROR_R 1
| #define STRERROR_R_CHAR_P 1
| #define USE_DEMANGLE 1
| #define HAVE_FALLTHROUGH 1
| #define ENABLE_NLS 1
| #define HAVE_GETTEXT 1
| #define HAVE_DCGETTEXT 1
| #define SIZEOF_LONG 8
| #define HAVE_SYS_USER_REGS 1
| #define HAVE_CXX11 1
| #define HAVE_EXECINFO_H 1
| /* end confdefs.h.  */
| 
| /* Override any GCC internal prototype to avoid an error.
|    Use char because int might match the return type of a GCC
|    builtin and then its argument prototype would still apply.
|    The 'extern "C"' is for builds by C++ compilers;
|    although this is not generally supported in C code supporting it here
|    has little cost and some practical benefit (sr 110532).  */
| #ifdef __cplusplus
| extern "C"
| #endif
| char EVP_MD_CTX_new (void);
| int
| main (void)
| {
| return EVP_MD_CTX_new ();
|   ;
|   return 0;
| }
configure:14405: result: no
configure:14413: checking for imaevm.h
configure:14413: gcc -c -D_FORTIFY_SOURCE=2 -g -O2  conftest.c >&5
conftest.c:83:10: fatal error: imaevm.h: No such file or directory
   83 | #include <imaevm.h>
      |          ^~~~~~~~~~
compilation terminated.
configure:14413: $? = 1
configure: failed program was:
| /* confdefs.h */
| #define PACKAGE_NAME "elfutils"
| #define PACKAGE_TARNAME "elfutils"
| #define PACKAGE_VERSION "0.193"
| #define PACKAGE_STRING "elfutils 0.193"
| #define PACKAGE_BUGREPORT "https://sourceware.org/bugzilla"
| #define PACKAGE_URL "http://elfutils.org/"
| #define PACKAGE "elfutils"
| #define VERSION "0.193"
| #define DEFAULT_AR_DETERMINISTIC false
| #define YYTEXT_POINTER 1
| #define HAVE_VISIBILITY 1
| #define HAVE_GCC_STRUCT 1
| #define HAVE_STDIO_H 1
| #define HAVE_STDLIB_H 1
| #define HAVE_STRING_H 1
| #define HAVE_INTTYPES_H 1
| #define HAVE_STDINT_H 1
| #define HAVE_STRINGS_H 1
| #define HAVE_SYS_STAT_H 1
| #define HAVE_SYS_TYPES_H 1
| #define HAVE_UNISTD_H 1
| #define STDC_HEADERS 1
| #define HAVE_STDATOMIC_H 1
| #define CHECK_UNDEFINED 0
| #define USE_ZLIB 1
| #define HAVE_DECL_MEMRCHR 1
| #define HAVE_DECL_RAWMEMCHR 1
| #define HAVE_DECL_POWEROF2 1
| #define HAVE_DECL_MEMPCPY 1
| #define HAVE_DECL_REALLOCARRAY 1
| #define HAVE_PROCESS_VM_READV 1
| #define HAVE_MREMAP 1
| #define HAVE_ERROR_H 1
| #define HAVE_ERR_H 1
| #define HAVE_SCHED_H 1
| #define HAVE_SCHED_GETAFFINITY 1
| #define HAVE_SYS_RESOURCE_H 1
| #define HAVE_GETRLIMIT 1
| #define HAVE_MALLOC_H 1
| #define HAVE_MALLOC_TRIM 1
| #define HAVE_DECL_STRERROR_R 1
| #define HAVE_STRERROR_R 1
| #define STRERROR_R_CHAR_P 1
| #define USE_DEMANGLE 1
| #define HAVE_FALLTHROUGH 1
| #define ENABLE_NLS 1
| #define HAVE_GETTEXT 1
| #define HAVE_DCGETTEXT 1
| #define SIZEOF_LONG 8
| #define HAVE_SYS_USER_REGS 1
| #define HAVE_CXX11 1
| #define HAVE_EXECINFO_H 1
| /* end confdefs.h.  */
| #include <stddef.h>
| #ifdef HAVE_STDIO_H
| # include <stdio.h>
| #endif
| #ifdef HAVE_STDLIB_H
| # include <stdlib.h>
| #endif
| #ifdef HAVE_STRING_H
| # include <string.h>
| #endif
| #ifdef HAVE_INTTYPES_H
| # include <inttypes.h>
| #endif
| #ifdef HAVE_STDINT_H
| # include <stdint.h>
| #endif
| #ifdef HAVE_STRINGS_H
| # include <strings.h>
| #endif
| #ifdef HAVE_SYS_TYPES_H
| # include <sys/types.h>
| #endif
| #ifdef HAVE_SYS_STAT_H
| # include <sys/stat.h>
| #endif
| #ifdef HAVE_UNISTD_H
| # include <unistd.h>
| #endif
| #include <imaevm.h>
configure:14413: result: no
configure:14502: checking for pthread_setname_np in -lpthread
configure:14531: gcc -o conftest -D_FORTIFY_SOURCE=2 -g -O2   conftest.c -lpthread   >&5
configure:14531: $? = 0
configure:14543: result: yes
configure:14851: checking that generated files are newer than configure
configure:14857: result: done
configure:15070: creating ./config.status

## ---------------------- ##
## Running config.status. ##
## ---------------------- ##

This file was extended by elfutils config.status 0.193, which was
generated by GNU Autoconf 2.72.  Invocation command line was

  CONFIG_FILES    = 
  CONFIG_HEADERS  = 
  CONFIG_LINKS    = 
  CONFIG_COMMANDS = 
  $ ./config.status 

on bd564e34ffec

config.status:1095: creating config/Makefile
config.status:1095: creating Makefile
config.status:1095: creating elfutils.spec
config.status:1095: creating debuginfod/Makefile
config.status:1095: creating debuginfod/debuginfod.h
config.status:1095: creating doc/Makefile
config.status:1095: creating lib/Makefile
config.status:1095: creating libelf/Makefile
config.status:1095: creating libebl/Makefile
config.status:1095: creating libdwelf/Makefile
config.status:1095: creating libdw/Makefile
config.status:1095: creating libdwfl/Makefile
config.status:1095: creating libdwfl_stacktrace/Makefile
config.status:1095: creating libcpu/Makefile
config.status:1095: creating libasm/Makefile
config.status:1095: creating backends/Makefile
config.status:1095: creating src/Makefile
config.status:1095: creating po/Makefile.in
config.status:1095: creating tests/Makefile
config.status:1095: creating config/libelf.pc
config.status:1095: creating config/libdw.pc
config.status:1095: creating config/libdebuginfod.pc
config.status:1095: creating version.h
config.status:1095: creating config/profile.sh
config.status:1095: creating config/profile.csh
config.status:1095: creating config/profile.fish
config.status:1095: creating config.h
config.status:1276: config.h is unchanged
config.status:1324: executing depfiles commands
config.status:1401: cd debuginfod       && sed -e '/# am--include-marker/d' Makefile         | make -f - am--depfiles
make: Nothing to be done for 'am--depfiles'.
config.status:1406: $? = 0
config.status:1401: cd lib       && sed -e '/# am--include-marker/d' Makefile         | make -f - am--depfiles
make: Nothing to be done for 'am--depfiles'.
config.status:1406: $? = 0
config.status:1401: cd libelf       && sed -e '/# am--include-marker/d' Makefile         | make -f - am--depfiles
cat: ../lib/libeu.manifest: No such file or directory
make: Nothing to be done for 'am--depfiles'.
config.status:1406: $? = 0
config.status:1401: cd libebl       && sed -e '/# am--include-marker/d' Makefile         | make -f - am--depfiles
make: Nothing to be done for 'am--depfiles'.
config.status:1406: $? = 0
config.status:1401: cd libdwelf       && sed -e '/# am--include-marker/d' Makefile         | make -f - am--depfiles
make: Nothing to be done for 'am--depfiles'.
config.status:1406: $? = 0
config.status:1401: cd libdw       && sed -e '/# am--include-marker/d' Makefile         | make -f - am--depfiles
cat: ../libdwfl/libdwfl.manifest: No such file or directory
cat: ../libdwfl_stacktrace/libdwfl_stacktrace.manifest: No such file or directory
cat: ../libdwelf/libdwelf.manifest: No such file or directory
cat: ../libebl/libebl.manifest: No such file or directory
cat: ../backends/libebl_backends.manifest: No such file or directory
cat: ../libcpu/libcpu.manifest: No such file or directory
make: Nothing to be done for 'am--depfiles'.
config.status:1406: $? = 0
config.status:1401: cd libdwfl       && sed -e '/# am--include-marker/d' Makefile         | make -f - am--depfiles
make: Nothing to be done for 'am--depfiles'.
config.status:1406: $? = 0
config.status:1401: cd libdwfl_stacktrace       && sed -e '/# am--include-marker/d' Makefile         | make -f - am--depfiles
make: Nothing to be done for 'am--depfiles'.
config.status:1406: $? = 0
config.status:1401: cd libcpu       && sed -e '/# am--include-marker/d' Makefile         | make -f - am--depfiles
make: Nothing to be done for 'am--depfiles'.
config.status:1406: $? = 0
config.status:1401: cd libasm       && sed -e '/# am--include-marker/d' Makefile         | make -f - am--depfiles
make: Nothing to be done for 'am--depfiles'.
config.status:1406: $? = 0
config.status:1401: cd backends       && sed -e '/# am--include-marker/d' Makefile         | make -f - am--depfiles
make: Nothing to be done for 'am--depfiles'.
config.status:1406: $? = 0
config.status:1401: cd src       && sed -e '/# am--include-marker/d' Makefile         | make -f - am--depfiles
make: Nothing to be done for 'am--depfiles'.
config.status:1406: $? = 0
config.status:1401: cd tests       && sed -e '/# am--include-marker/d' Makefile         | make -f - am--depfiles
make: Nothing to be done for 'am--depfiles'.
config.status:1406: $? = 0
config.status:1324: executing po-directories commands
configure:16529: WARNING: unrecognized options: --disable-shared
configure:16534:
=====================================================================
        elfutils: 0.193 (eu_version: 193)
=====================================================================

    Prefix                             : /usr/local
    Program prefix ("eu-" recommended) : eu-
    Source code location               : .
    Maintainer mode                    : yes
    build arch                         : x86_64-pc-linux-gnu

    CFLAGS=-D_FORTIFY_SOURCE=2 -g -O2
    CXXFLAGS=-D_FORTIFY_SOURCE=2 -g -O2

  RECOMMENDED FEATURES (should all be yes)
    gzip support                       : yes
    bzip2 support                      : no
    lzma/xz support                    : no
    zstd support                       : no
    zstd compression support           : no
    libstdc++ demangle support         : yes
    File textrel check                 : yes
    Symbol versioning                  : yes

  NOT RECOMMENDED FEATURES (should all be no)
    Experimental thread safety         : no
    install elf.h                      : no

  OTHER FEATURES
    Deterministic archives by default  : false
    Native language support            : yes
    Extra Valgrind annotations         : no
    libdebuginfod client support       : no
    Debuginfod server support          : no
    Default DEBUGINFOD_URLS            : 
    Debuginfod RPM sig checking        : no
    Default DEBUGINFOD_IMA_CERT_PATH   : 
    eu-stacktrace support              : no

  EXTRA TEST FEATURES (used with make check)
    have bunzip2 installed (required)  : yes
    have zstd installed                : no
    C++11                              : yes
    debug branch prediction            : no
    gprof support                      : no
    gcov support                       : no
    run all tests under valgrind       : no
    gcc undefined behaviour sanitizer  : no
    gcc address sanitizer              : no
    clang memory sanitizer             : no
    use rpath in tests                 : no
    test biarch                        : no


## ---------------- ##
## Cache variables. ##
## ---------------- ##

ac_cv_bad_fts=no
ac_cv_build=x86_64-pc-linux-gnu
ac_cv_buildid=yes
ac_cv_c_compiler_gnu=yes
ac_cv_c_undeclared_builtin_options='none needed'
ac_cv_cxx_compiler_gnu=yes
ac_cv_duplicated_cond=yes
ac_cv_env_CCC_set=
ac_cv_env_CCC_value=
ac_cv_env_CC_set=
ac_cv_env_CC_value=
ac_cv_env_CFLAGS_set=
ac_cv_env_CFLAGS_value=
ac_cv_env_CPPFLAGS_set=
ac_cv_env_CPPFLAGS_value=
ac_cv_env_CPP_set=
ac_cv_env_CPP_value=
ac_cv_env_CXXFLAGS_set=
ac_cv_env_CXXFLAGS_value=
ac_cv_env_CXX_set=
ac_cv_env_CXX_value=
ac_cv_env_LDFLAGS_set=
ac_cv_env_LDFLAGS_value=
ac_cv_env_LIBS_set=
ac_cv_env_LIBS_value=
ac_cv_env_PKG_CONFIG_LIBDIR_set=
ac_cv_env_PKG_CONFIG_LIBDIR_value=
ac_cv_env_PKG_CONFIG_PATH_set=
ac_cv_env_PKG_CONFIG_PATH_value=
ac_cv_env_PKG_CONFIG_set=
ac_cv_env_PKG_CONFIG_value=
ac_cv_env_YACC_set=
ac_cv_env_YACC_value=
ac_cv_env_YFLAGS_set=
ac_cv_env_YFLAGS_value=
ac_cv_env_ZSTD_COMPRESS_CFLAGS_set=
ac_cv_env_ZSTD_COMPRESS_CFLAGS_value=
ac_cv_env_ZSTD_COMPRESS_LIBS_set=
ac_cv_env_ZSTD_COMPRESS_LIBS_value=
ac_cv_env_build_alias_set=
ac_cv_env_build_alias_value=
ac_cv_env_host_alias_set=
ac_cv_env_host_alias_value=
ac_cv_env_jsonc_CFLAGS_set=
ac_cv_env_jsonc_CFLAGS_value=
ac_cv_env_jsonc_LIBS_set=
ac_cv_env_jsonc_LIBS_value=
ac_cv_env_libarchive_CFLAGS_set=
ac_cv_env_libarchive_CFLAGS_value=
ac_cv_env_libarchive_LIBS_set=
ac_cv_env_libarchive_LIBS_value=
ac_cv_env_libcurl_CFLAGS_set=
ac_cv_env_libcurl_CFLAGS_value=
ac_cv_env_libcurl_LIBS_set=
ac_cv_env_libcurl_LIBS_value=
ac_cv_env_libmicrohttpd_CFLAGS_set=
ac_cv_env_libmicrohttpd_CFLAGS_value=
ac_cv_env_libmicrohttpd_LIBS_set=
ac_cv_env_libmicrohttpd_LIBS_value=
ac_cv_env_oldlibmicrohttpd_CFLAGS_set=
ac_cv_env_oldlibmicrohttpd_CFLAGS_value=
ac_cv_env_oldlibmicrohttpd_LIBS_set=
ac_cv_env_oldlibmicrohttpd_LIBS_value=
ac_cv_env_sqlite3_CFLAGS_set=
ac_cv_env_sqlite3_CFLAGS_value=
ac_cv_env_sqlite3_LIBS_set=
ac_cv_env_sqlite3_LIBS_value=
ac_cv_env_target_alias_set=
ac_cv_env_target_alias_value=
ac_cv_fno_addrsig=no
ac_cv_fpic=yes
ac_cv_fpie=yes
ac_cv_func_error=yes
ac_cv_func_getrlimit=yes
ac_cv_func_malloc_trim=yes
ac_cv_func_mremap=yes
ac_cv_func_process_vm_readv=yes
ac_cv_func_sched_getaffinity=yes
ac_cv_func_strerror_r_char_p=yes
ac_cv_gcc_struct=yes
ac_cv_has_sysprof_4_headers=no
ac_cv_has_sysprof_6_headers=no
ac_cv_have_decl_mempcpy=yes
ac_cv_have_decl_memrchr=yes
ac_cv_have_decl_powerof2=yes
ac_cv_have_decl_rawmemchr=yes
ac_cv_have_decl_reallocarray=yes
ac_cv_have_decl_strerror_r=yes
ac_cv_header_err_h=yes
ac_cv_header_error_h=yes
ac_cv_header_execinfo_h=yes
ac_cv_header_imaevm_h=no
ac_cv_header_inttypes_h=yes
ac_cv_header_malloc_h=yes
ac_cv_header_sched_h=yes
ac_cv_header_stdatomic_h=yes
ac_cv_header_stdint_h=yes
ac_cv_header_stdio_h=yes
ac_cv_header_stdlib_h=yes
ac_cv_header_string_h=yes
ac_cv_header_strings_h=yes
ac_cv_header_sys_resource_h=yes
ac_cv_header_sys_stat_h=yes
ac_cv_header_sys_types_h=yes
ac_cv_header_unistd_h=yes
ac_cv_host=x86_64-pc-linux-gnu
ac_cv_implicit_fallthrough=yes
ac_cv_implicit_fallthrough_5=yes
ac_cv_lib_crypto_EVP_MD_CTX_new=no
ac_cv_lib_lex='none needed'
ac_cv_lib_pthread_pthread_setname_np=yes
ac_cv_lib_rpm_headerGet=no
ac_cv_lib_stdcpp___cxa_demangle=yes
ac_cv_logical_op=yes
ac_cv_no_packed_not_aligned=yes
ac_cv_null_dereference=yes
ac_cv_objext=o
ac_cv_path_EGREP_TRADITIONAL='/usr/bin/grep -E'
ac_cv_path_GMSGFMT=/usr/bin/msgfmt
ac_cv_path_MSGFMT=/usr/bin/msgfmt
ac_cv_path_MSGMERGE=/usr/bin/msgmerge
ac_cv_path_SED=/usr/bin/sed
ac_cv_path_XGETTEXT=/usr/bin/xgettext
ac_cv_path_ac_pt_PKG_CONFIG=/usr/bin/pkg-config
ac_cv_path_install='/usr/bin/install -c'
ac_cv_path_mkdir=/usr/bin/mkdir
ac_cv_prog_AWK=gawk
ac_cv_prog_CPP='gcc -E'
ac_cv_prog_HAVE_BISON=yes
ac_cv_prog_HAVE_BUNZIP2=yes
ac_cv_prog_HAVE_FLEX=yes
ac_cv_prog_HAVE_GAWK=yes
ac_cv_prog_HAVE_ZSTD=no
ac_cv_prog_LEX=flex
ac_cv_prog_YACC='bison -y'
ac_cv_prog_ac_ct_AR=ar
ac_cv_prog_ac_ct_CC=gcc
ac_cv_prog_ac_ct_CXX=g++
ac_cv_prog_ac_ct_NM=nm
ac_cv_prog_ac_ct_RANLIB=ranlib
ac_cv_prog_ac_ct_READELF=readelf
ac_cv_prog_cc_c11=
ac_cv_prog_cc_g=yes
ac_cv_prog_cc_stdc=
ac_cv_prog_cxx_cxx11=
ac_cv_prog_cxx_g=yes
ac_cv_prog_cxx_stdcxx=
ac_cv_prog_lex_root=lex.yy
ac_cv_prog_lex_yytext_pointer=yes
ac_cv_prog_make_make_set=yes
ac_cv_search_BZ2_bzdopen=no
ac_cv_search_ZSTD_decompress=no
ac_cv_search__obstack_free='none required'
ac_cv_search_argp_parse='none required'
ac_cv_search_fts_close='none required'
ac_cv_search_gzdirect=-lz
ac_cv_search_lzma_auto_decoder=no
ac_cv_sizeof_long=8
ac_cv_stack_usage=yes
ac_cv_symbol_versioning=yes
ac_cv_sys_largefile_opts='none needed'
ac_cv_tls=yes
ac_cv_trampolines=yes
ac_cv_type_struct_user_pac_mask=no
ac_cv_type_struct_user_regs_struct=yes
ac_cv_use_after_free3=no
ac_cv_visibility=yes
ac_cv_zdefs=yes
ac_cv_zrelro=yes
acl_cv_hardcode_direct=no
acl_cv_hardcode_libdir_flag_spec='${wl}-rpath ${wl}$libdir'
acl_cv_hardcode_libdir_separator=
acl_cv_hardcode_minus_L=no
acl_cv_libdirstems=lib,lib,lib64
acl_cv_libext=a
acl_cv_libname_spec='lib$name'
acl_cv_library_names_spec='$libname$shrext'
acl_cv_path_LD=/usr/bin/ld
acl_cv_prog_gnu_ld=yes
acl_cv_rpath=done
acl_cv_shlibext=so
acl_cv_wl=-Wl,
am_cv_CC_dependencies_compiler_type=gcc3
am_cv_CXX_dependencies_compiler_type=gcc3
am_cv_ar_interface=ar
am_cv_filesystem_timestamp_resolution=0.01
am_cv_make_support_nested_variables=yes
am_cv_prog_cc_c_o=yes
am_cv_sleep_fractional_seconds=yes
am_cv_xargs_n_works=yes
ax_cv_cxx_compile_cxx11__std_cpp11=yes
gl_cv_elf=yes
gl_cv_host_cpu_c_abi_32bit=no
gt_cv_func_CFLocaleCopyPreferredLanguages=no
gt_cv_func_CFPreferencesCopyAppValue=no
gt_cv_func_gnugettext3_libc=yes
pkg_cv_libcurl_CFLAGS=-I/usr/include/x86_64-linux-gnu
pkg_cv_libcurl_LIBS=-lcurl
utrace_cv_CC_m32=-m32
utrace_cv_cc_biarch=no
utrace_cv_host64=yes

## ----------------- ##
## Output variables. ##
## ----------------- ##

ACLOCAL='${SHELL} '\''/root/dataset_fuzz/elfutils-0.193/config/missing'\'' aclocal-1.17'
ADD_STACK_USAGE_WARNING_FALSE='#'
ADD_STACK_USAGE_WARNING_TRUE=''
AMDEPBACKSLASH='\'
AMDEP_FALSE='#'
AMDEP_TRUE=''
AMTAR='$${TAR-tar}'
AM_BACKSLASH='\'
AM_DEFAULT_V='$(AM_DEFAULT_VERBOSITY)'
AM_DEFAULT_VERBOSITY='0'
AM_V='$(V)'
AR='ar'
AUTOCONF='${SHELL} '\''/root/dataset_fuzz/elfutils-0.193/config/missing'\'' autoconf'
AUTOHEADER='${SHELL} '\''/root/dataset_fuzz/elfutils-0.193/config/missing'\'' autoheader'
AUTOMAKE='${SHELL} '\''/root/dataset_fuzz/elfutils-0.193/config/missing'\'' automake-1.17'
AWK='gawk'
BIARCH_FALSE=''
BIARCH_TRUE='#'
BUILD_STATIC_FALSE=''
BUILD_STATIC_TRUE='#'
BZ2_LIB=''
BZLIB_FALSE=''
BZLIB_TRUE='#'
CC='gcc'
CCDEPMODE='depmode=gcc3'
CC_BIARCH='gcc -m32'
CFLAGS='-D_FORTIFY_SOURCE=2 -g -O2'
CPP='gcc -E'
CPPFLAGS=''
CSCOPE='cscope'
CTAGS='ctags'
CXX='g++ -std=c++11'
CXXDEPMODE='depmode=gcc3'
CXXFLAGS='-D_FORTIFY_SOURCE=2 -g -O2'
CYGPATH_W='echo'
DEBUGINFOD_FALSE=''
DEBUGINFOD_IMA_CERT_PATH=''
DEBUGINFOD_TRUE='#'
DEBUGINFOD_URLS=''
DEBUGPRED='0'
DEFS='-DHAVE_CONFIG_H'
DEMANGLE_FALSE='#'
DEMANGLE_TRUE=''
DEPDIR='.deps'
DUMMY_LIBDEBUGINFOD_FALSE=''
DUMMY_LIBDEBUGINFOD_TRUE='#'
ECHO_C=''
ECHO_N='-n'
ECHO_T=''
ENABLE_IMA_VERIFICATION_FALSE=''
ENABLE_IMA_VERIFICATION_TRUE='#'
ENABLE_STACKTRACE_FALSE=''
ENABLE_STACKTRACE_TRUE='#'
ETAGS='etags'
EXEEXT=''
FATAL_TEXTREL_FALSE='#'
FATAL_TEXTREL_TRUE=''
GCOV=''
GCOV_FALSE=''
GCOV_TRUE='#'
GENHTML=''
GETTEXT_MACRO_VERSION='0.22'
GMSGFMT='/usr/bin/msgfmt'
GMSGFMT_015='/usr/bin/msgfmt'
GPROF_FALSE=''
GPROF_TRUE='#'
HAVE_BISON='yes'
HAVE_BUNZIP2='yes'
HAVE_CXX11='yes'
HAVE_CXX11_FALSE='#'
HAVE_CXX11_TRUE=''
HAVE_DUPLICATED_COND_WARNING_FALSE='#'
HAVE_DUPLICATED_COND_WARNING_TRUE=''
HAVE_FLEX='yes'
HAVE_GAWK='yes'
HAVE_IMPLICIT_FALLTHROUGH_5_WARNING_FALSE='#'
HAVE_IMPLICIT_FALLTHROUGH_5_WARNING_TRUE=''
HAVE_IMPLICIT_FALLTHROUGH_WARNING_FALSE='#'
HAVE_IMPLICIT_FALLTHROUGH_WARNING_TRUE=''
HAVE_NO_PACKED_NOT_ALIGNED_WARNING_FALSE='#'
HAVE_NO_PACKED_NOT_ALIGNED_WARNING_TRUE=''
HAVE_NULL_DEREFERENCE_WARNING_FALSE='#'
HAVE_NULL_DEREFERENCE_WARNING_TRUE=''
HAVE_SYSPROF_4_HEADERS_FALSE=''
HAVE_SYSPROF_4_HEADERS_TRUE='#'
HAVE_SYSPROF_6_HEADERS_FALSE=''
HAVE_SYSPROF_6_HEADERS_TRUE='#'
HAVE_TRAMPOLINES_WARNING_FALSE='#'
HAVE_TRAMPOLINES_WARNING_TRUE=''
HAVE_USE_AFTER_FREE3_WARNING_FALSE=''
HAVE_USE_AFTER_FREE3_WARNING_TRUE='#'
HAVE_VALGRIND=''
HAVE_ZSTD='no'
HAVE_ZSTD_FALSE=''
HAVE_ZSTD_TRUE='#'
INSTALL_DATA='${INSTALL} -m 644'
INSTALL_ELFH_FALSE=''
INSTALL_ELFH_TRUE='#'
INSTALL_PROGRAM='${INSTALL}'
INSTALL_SCRIPT='${INSTALL}'
INSTALL_STRIP_PROGRAM='$(install_sh) -c -s'
INTLLIBS=''
INTL_MACOSX_LIBS=''
LCOV=''
LCOV_OLD_FALSE=''
LCOV_OLD_TRUE='#'
LDFLAGS=''
LEX='flex'
LEXLIB=''
LEX_OUTPUT_ROOT='lex.yy'
LIBDEBUGINFOD_FALSE=''
LIBDEBUGINFOD_SONAME='libdebuginfod.so.1'
LIBDEBUGINFOD_TRUE='#'
LIBICONV='-liconv'
LIBINTL=''
LIBLZMA=''
LIBOBJS=''
LIBS=''
LIBZSTD=''
LTLIBICONV='-liconv'
LTLIBINTL=''
LTLIBOBJS=''
LZMA_FALSE=''
LZMA_TRUE='#'
MAINT=''
MAINTAINER_MODE_FALSE='#'
MAINTAINER_MODE_TRUE=''
MAKEINFO='${SHELL} '\''/root/dataset_fuzz/elfutils-0.193/config/missing'\'' makeinfo'
MKDIR_P='/usr/bin/mkdir -p'
MSGFMT='/usr/bin/msgfmt'
MSGMERGE='/usr/bin/msgmerge'
MSGMERGE_FOR_MSGFMT_OPTION='--for-msgfmt'
NM='nm'
NO_UNDEFINED='-Wl,--no-undefined'
OBJEXT='o'
OLD_LIBMICROHTTPD_FALSE=''
OLD_LIBMICROHTTPD_TRUE='#'
PACKAGE='elfutils'
PACKAGE_BUGREPORT='https://sourceware.org/bugzilla'
PACKAGE_NAME='elfutils'
PACKAGE_STRING='elfutils 0.193'
PACKAGE_TARNAME='elfutils'
PACKAGE_URL='http://elfutils.org/'
PACKAGE_VERSION='0.193'
PATH_SEPARATOR=':'
PKG_CONFIG='/usr/bin/pkg-config'
PKG_CONFIG_LIBDIR=''
PKG_CONFIG_PATH=''
POSUB='po'
RANLIB='ranlib'
READELF='readelf'
SANE_LOGICAL_OP_WARNING_FALSE='#'
SANE_LOGICAL_OP_WARNING_TRUE=''
SED='/usr/bin/sed'
SET_MAKE=''
SHELL='/bin/bash'
STRIP=''
SYMBOL_VERSIONING_FALSE='#'
SYMBOL_VERSIONING_TRUE=''
TESTS_RPATH_FALSE=''
TESTS_RPATH_TRUE='#'
USE_ADDRESS_SANITIZER_FALSE=''
USE_ADDRESS_SANITIZER_TRUE='#'
USE_HELGRIND_FALSE=''
USE_HELGRIND_TRUE='#'
USE_LOCKS_FALSE=''
USE_LOCKS_TRUE='#'
USE_MEMORY_SANITIZER_FALSE=''
USE_MEMORY_SANITIZER_TRUE='#'
USE_NLS='yes'
USE_VALGRIND_FALSE=''
USE_VALGRIND_TRUE='#'
USE_VG_ANNOTATIONS_FALSE=''
USE_VG_ANNOTATIONS_TRUE='#'
USE_ZSTD_COMPRESS_FALSE=''
USE_ZSTD_COMPRESS_TRUE='#'
VERSION='0.193'
XGETTEXT='/usr/bin/xgettext'
XGETTEXT_015='/usr/bin/xgettext'
XGETTEXT_EXTRA_OPTIONS=''
YACC='bison -y'
YFLAGS=''
ZLIB_FALSE='#'
ZLIB_TRUE=''
ZSTD_COMPRESS_CFLAGS=''
ZSTD_COMPRESS_LIBS=''
ZSTD_FALSE=''
ZSTD_TRUE='#'
ac_ct_AR='ar'
ac_ct_CC='gcc'
ac_ct_CXX='g++'
am__EXEEXT_FALSE=''
am__EXEEXT_TRUE='#'
am__fastdepCC_FALSE='#'
am__fastdepCC_TRUE=''
am__fastdepCXX_FALSE='#'
am__fastdepCXX_TRUE=''
am__include='include'
am__isrc=''
am__leading_dot='.'
am__nodep='_no'
am__quote=''
am__rm_f_notfound=''
am__tar='$${TAR-tar} chof - "$$tardir"'
am__untar='$${TAR-tar} xf -'
am__xargs_n='xargs -n'
argp_LDADD=''
bindir='${exec_prefix}/bin'
build='x86_64-pc-linux-gnu'
build_alias=''
build_cpu='x86_64'
build_os='linux-gnu'
build_vendor='pc'
crypto_LIBS=''
datadir='${datarootdir}'
datarootdir='${prefix}/share'
docdir='${datarootdir}/doc/${PACKAGE_TARNAME}'
dso_LDFLAGS='-shared -Wl,-z,defs -Wl,-z,relro'
dvidir='${docdir}'
eu_version='193'
exec_prefix='${prefix}'
fpic_CFLAGS='-fPIC'
fpie_CFLAGS='-fPIE'
fts_LIBS=''
host='x86_64-pc-linux-gnu'
host_alias=''
host_cpu='x86_64'
host_os='linux-gnu'
host_vendor='pc'
htmldir='${docdir}'
includedir='${prefix}/include'
infodir='${datarootdir}/info'
install_sh='${SHELL} /root/dataset_fuzz/elfutils-0.193/config/install-sh'
jsonc_CFLAGS=''
jsonc_LIBS=''
libarchive_CFLAGS=''
libarchive_LIBS=''
libcurl_CFLAGS='-I/usr/include/x86_64-linux-gnu'
libcurl_LIBS='-lcurl'
libdir='${exec_prefix}/lib'
libexecdir='${exec_prefix}/libexec'
libmicrohttpd_CFLAGS=''
libmicrohttpd_LIBS=''
localedir='${datarootdir}/locale'
localedir_c='"/usr/local/share/locale"'
localedir_c_make='\"$(localedir)\"'
localstatedir='${prefix}/var'
lzma_LIBS=''
mandir='${datarootdir}/man'
mkdir_p='$(MKDIR_P)'
obstack_LIBS=''
oldincludedir='/usr/include'
oldlibmicrohttpd_CFLAGS=''
oldlibmicrohttpd_LIBS=''
pdfdir='${docdir}'
prefix='/usr/local'
program_transform_name='s&^&eu-&'
psdir='${docdir}'
rpm_LIBS=''
runstatedir='${localstatedir}/run'
sbindir='${exec_prefix}/sbin'
sharedstatedir='${prefix}/com'
sqlite3_CFLAGS=''
sqlite3_LIBS=''
sysconfdir='${prefix}/etc'
target_alias=''
zip_LIBS=' '
zstd_LIBS=' '

## ----------- ##
## confdefs.h. ##
## ----------- ##

/* confdefs.h */
#define PACKAGE_NAME "elfutils"
#define PACKAGE_TARNAME "elfutils"
#define PACKAGE_VERSION "0.193"
#define PACKAGE_STRING "elfutils 0.193"
#define PACKAGE_BUGREPORT "https://sourceware.org/bugzilla"
#define PACKAGE_URL "http://elfutils.org/"
#define PACKAGE "elfutils"
#define VERSION "0.193"
#define DEFAULT_AR_DETERMINISTIC false
#define YYTEXT_POINTER 1
#define HAVE_VISIBILITY 1
#define HAVE_GCC_STRUCT 1
#define HAVE_STDIO_H 1
#define HAVE_STDLIB_H 1
#define HAVE_STRING_H 1
#define HAVE_INTTYPES_H 1
#define HAVE_STDINT_H 1
#define HAVE_STRINGS_H 1
#define HAVE_SYS_STAT_H 1
#define HAVE_SYS_TYPES_H 1
#define HAVE_UNISTD_H 1
#define STDC_HEADERS 1
#define HAVE_STDATOMIC_H 1
#define CHECK_UNDEFINED 0
#define USE_ZLIB 1
#define HAVE_DECL_MEMRCHR 1
#define HAVE_DECL_RAWMEMCHR 1
#define HAVE_DECL_POWEROF2 1
#define HAVE_DECL_MEMPCPY 1
#define HAVE_DECL_REALLOCARRAY 1
#define HAVE_PROCESS_VM_READV 1
#define HAVE_MREMAP 1
#define HAVE_ERROR_H 1
#define HAVE_ERR_H 1
#define HAVE_SCHED_H 1
#define HAVE_SCHED_GETAFFINITY 1
#define HAVE_SYS_RESOURCE_H 1
#define HAVE_GETRLIMIT 1
#define HAVE_MALLOC_H 1
#define HAVE_MALLOC_TRIM 1
#define HAVE_DECL_STRERROR_R 1
#define HAVE_STRERROR_R 1
#define STRERROR_R_CHAR_P 1
#define USE_DEMANGLE 1
#define HAVE_FALLTHROUGH 1
#define ENABLE_NLS 1
#define HAVE_GETTEXT 1
#define HAVE_DCGETTEXT 1
#define SIZEOF_LONG 8
#define HAVE_SYS_USER_REGS 1
#define HAVE_CXX11 1
#define HAVE_EXECINFO_H 1
#define HAVE_PTHREAD_SETNAME_NP 1

configure: exit 0
