This file contains any messages produced by compilers while
running configure, to aid debugging if configure makes a mistake.

It was created by onig configure 6.9.8, which was
generated by GNU Autoconf 2.71.  Invocation command line was

  $ ./configure --disable-option-checking --prefix=/usr/local --enable-maintainer-mode 'CFLAGS=-fsanitize=address -g -O1 -Wno-error=maybe-uninitialized' LDFLAGS=-fsanitize=address --cache-file=/dev/null --srcdir=.

## --------- ##
## Platform. ##
## --------- ##

hostname = bd564e34ffec
uname -m = x86_64
uname -r = 6.8.0-1029-azure
uname -s = Linux
uname -v = #34~22.04.1-Ubuntu SMP Thu May  1 02:51:54 UTC 2025

/usr/bin/uname -p = x86_64
/bin/uname -X     = unknown

/bin/arch              = x86_64
/usr/bin/arch -k       = unknown
/usr/convex/getsysinfo = unknown
/usr/bin/hostinfo      = unknown
/bin/machine           = unknown
/usr/bin/oslevel       = unknown
/bin/universe          = unknown

PATH: /root/.vscode-server/bin/17baf841131aa23349f217ca7c570c76ee87b957/bin/remote-cli/
PATH: /usr/local/sbin/
PATH: /usr/local/bin/
PATH: /usr/sbin/
PATH: /usr/bin/
PATH: /sbin/
PATH: /bin/


## ----------- ##
## Core tests. ##
## ----------- ##

configure:2659: looking for aux files: config.guess config.sub ltmain.sh compile missing install-sh
configure:2672:  trying ./
configure:2701:   ./config.guess found
configure:2701:   ./config.sub found
configure:2701:   ./ltmain.sh found
configure:2701:   ./compile found
configure:2701:   ./missing found
configure:2683:   ./install-sh found
configure:2833: checking for a BSD-compatible install
configure:2906: result: /usr/bin/install -c
configure:2917: checking whether build environment is sane
configure:2972: result: yes
configure:3131: checking for a race-free mkdir -p
configure:3175: result: /usr/bin/mkdir -p
configure:3182: checking for gawk
configure:3203: found /usr/bin/gawk
configure:3214: result: gawk
configure:3225: checking whether make sets $(MAKE)
configure:3248: result: yes
configure:3278: checking whether make supports nested variables
configure:3296: result: yes
configure:3566: checking for gcc
configure:3587: found /usr/bin/gcc
configure:3598: result: gcc
configure:3951: checking for C compiler version
configure:3960: gcc --version >&5
gcc (Ubuntu 11.4.0-1ubuntu1~22.04) 11.4.0
Copyright (C) 2021 Free Software Foundation, Inc.
This is free software; see the source for copying conditions.  There is NO
warranty; not even for MERCHANTABILITY or FITNESS FOR A PARTICULAR PURPOSE.

configure:3971: $? = 0
configure:3960: gcc -v >&5
Using built-in specs.
COLLECT_GCC=gcc
COLLECT_LTO_WRAPPER=/usr/lib/gcc/x86_64-linux-gnu/11/lto-wrapper
OFFLOAD_TARGET_NAMES=nvptx-none:amdgcn-amdhsa
OFFLOAD_TARGET_DEFAULT=1
Target: x86_64-linux-gnu
Configured with: ../src/configure -v --with-pkgversion='Ubuntu 11.4.0-1ubuntu1~22.04' --with-bugurl=file:///usr/share/doc/gcc-11/README.Bugs --enable-languages=c,ada,c++,go,brig,d,fortran,objc,obj-c++,m2 --prefix=/usr --with-gcc-major-version-only --program-suffix=-11 --program-prefix=x86_64-linux-gnu- --enable-shared --enable-linker-build-id --libexecdir=/usr/lib --without-included-gettext --enable-threads=posix --libdir=/usr/lib --enable-nls --enable-bootstrap --enable-clocale=gnu --enable-libstdcxx-debug --enable-libstdcxx-time=yes --with-default-libstdcxx-abi=new --enable-gnu-unique-object --disable-vtable-verify --enable-plugin --enable-default-pie --with-system-zlib --enable-libphobos-checking=release --with-target-system-zlib=auto --enable-objc-gc=auto --enable-multiarch --disable-werror --enable-cet --with-arch-32=i686 --with-abi=m64 --with-multilib-list=m32,m64,mx32 --enable-multilib --with-tune=generic --enable-offload-targets=nvptx-none=/build/gcc-11-XeT9lY/gcc-11-11.4.0/debian/tmp-nvptx/usr,amdgcn-amdhsa=/build/gcc-11-XeT9lY/gcc-11-11.4.0/debian/tmp-gcn/usr --without-cuda-driver --enable-checking=release --build=x86_64-linux-gnu --host=x86_64-linux-gnu --target=x86_64-linux-gnu --with-build-config=bootstrap-lto-lean --enable-link-serialization=2
Thread model: posix
Supported LTO compression algorithms: zlib zstd
gcc version 11.4.0 (Ubuntu 11.4.0-1ubuntu1~22.04) 
... rest of stderr output deleted ...
configure:3971: $? = 0
configure:3960: gcc -V >&5
gcc: error: unrecognized command-line option '-V'
gcc: fatal error: no input files
compilation terminated.
configure:3971: $? = 1
configure:3960: gcc -qversion >&5
gcc: error: unrecognized command-line option '-qversion'; did you mean '--version'?
gcc: fatal error: no input files
compilation terminated.
configure:3971: $? = 1
configure:3960: gcc -version >&5
gcc: error: unrecognized command-line option '-version'
gcc: fatal error: no input files
compilation terminated.
configure:3971: $? = 1
configure:3991: checking whether the C compiler works
configure:4013: gcc -fsanitize=address -g -O1 -Wno-error=maybe-uninitialized  -fsanitize=address conftest.c  >&5
configure:4017: $? = 0
configure:4067: result: yes
configure:4070: checking for C compiler default output file name
configure:4072: result: a.out
configure:4078: checking for suffix of executables
configure:4085: gcc -o conftest -fsanitize=address -g -O1 -Wno-error=maybe-uninitialized  -fsanitize=address conftest.c  >&5
configure:4089: $? = 0
configure:4112: result: 
configure:4134: checking whether we are cross compiling
configure:4142: gcc -o conftest -fsanitize=address -g -O1 -Wno-error=maybe-uninitialized  -fsanitize=address conftest.c  >&5
configure:4146: $? = 0
configure:4153: ./conftest
configure:4157: $? = 0
configure:4172: result: no
configure:4177: checking for suffix of object files
configure:4200: gcc -c -fsanitize=address -g -O1 -Wno-error=maybe-uninitialized  conftest.c >&5
configure:4204: $? = 0
configure:4226: result: o
configure:4230: checking whether the compiler supports GNU C
configure:4250: gcc -c -fsanitize=address -g -O1 -Wno-error=maybe-uninitialized  conftest.c >&5
configure:4250: $? = 0
configure:4260: result: yes
configure:4271: checking whether gcc accepts -g
configure:4292: gcc -c -g  conftest.c >&5
configure:4292: $? = 0
configure:4336: result: yes
configure:4356: checking for gcc option to enable C11 features
configure:4371: gcc  -c -fsanitize=address -g -O1 -Wno-error=maybe-uninitialized  conftest.c >&5
configure:4371: $? = 0
configure:4389: result: none needed
configure:4505: checking whether gcc understands -c and -o together
configure:4528: gcc -c conftest.c -o conftest2.o
configure:4531: $? = 0
configure:4528: gcc -c conftest.c -o conftest2.o
configure:4531: $? = 0
configure:4543: result: yes
configure:4563: checking whether make supports the include directive
configure:4578: make -f confmf.GNU && cat confinc.out
this is the am__doit target
configure:4581: $? = 0
configure:4600: result: yes (GNU style)
configure:4626: checking dependency style of gcc
configure:4738: result: gcc3
configure:4785: checking build system type
configure:4800: result: x86_64-pc-linux-gnu
configure:4820: checking host system type
configure:4834: result: x86_64-pc-linux-gnu
configure:4875: checking how to print strings
configure:4902: result: printf
configure:4923: checking for a sed that does not truncate output
configure:4993: result: /usr/bin/sed
configure:5011: checking for grep that handles long lines and -e
configure:5075: result: /usr/bin/grep
configure:5080: checking for egrep
configure:5148: result: /usr/bin/grep -E
configure:5153: checking for fgrep
configure:5221: result: /usr/bin/grep -F
configure:5257: checking for ld used by gcc
configure:5325: result: /usr/bin/ld
configure:5332: checking if the linker (/usr/bin/ld) is GNU ld
configure:5348: result: yes
configure:5360: checking for BSD- or MS-compatible name lister (nm)
configure:5415: result: /usr/bin/nm -B
configure:5555: checking the name lister (/usr/bin/nm -B) interface
configure:5563: gcc -c -fsanitize=address -g -O1 -Wno-error=maybe-uninitialized  conftest.c >&5
configure:5566: /usr/bin/nm -B "conftest.o"
configure:5569: output
                 U __asan_init
                 U __asan_register_globals
                 U __asan_unregister_globals
                 U __asan_version_mismatch_check_v8
0000000000000040 B __odr_asan.some_variable
0000000000000000 t _sub_D_00099_0
000000000000001e t _sub_I_00099_1
0000000000000000 B some_variable
configure:5576: result: BSD nm
configure:5579: checking whether ln -s works
configure:5583: result: yes
configure:5591: checking the maximum length of command line arguments
configure:5723: result: 1572864
configure:5771: checking how to convert x86_64-pc-linux-gnu file names to x86_64-pc-linux-gnu format
configure:5812: result: func_convert_file_noop
configure:5819: checking how to convert x86_64-pc-linux-gnu file names to toolchain format
configure:5840: result: func_convert_file_noop
configure:5847: checking for /usr/bin/ld option to reload object files
configure:5855: result: -r
configure:5934: checking for objdump
configure:5955: found /usr/bin/objdump
configure:5966: result: objdump
configure:5998: checking how to recognize dependent libraries
configure:6199: result: pass_all
configure:6289: checking for dlltool
configure:6324: result: no
configure:6354: checking how to associate runtime and link libraries
configure:6382: result: printf %s\n
configure:6448: checking for ar
configure:6469: found /usr/bin/ar
configure:6480: result: ar
configure:6517: checking for archiver @FILE support
configure:6535: gcc -c -fsanitize=address -g -O1 -Wno-error=maybe-uninitialized  conftest.c >&5
configure:6535: $? = 0
configure:6539: ar cr libconftest.a @conftest.lst >&5
configure:6542: $? = 0
configure:6547: ar cr libconftest.a @conftest.lst >&5
ar: conftest.o: No such file or directory
configure:6550: $? = 1
configure:6562: result: @
configure:6625: checking for strip
configure:6646: found /usr/bin/strip
configure:6657: result: strip
configure:6734: checking for ranlib
configure:6755: found /usr/bin/ranlib
configure:6766: result: ranlib
configure:6868: checking command to parse /usr/bin/nm -B output from gcc object
configure:7022: gcc -c -fsanitize=address -g -O1 -Wno-error=maybe-uninitialized  conftest.c >&5
configure:7025: $? = 0
configure:7029: /usr/bin/nm -B conftest.o | sed -n -e 's/^.*[	 ]\([ABCDGIRSTW][ABCDGIRSTW]*\)[	 ][	 ]*\([_A-Za-z][_A-Za-z0-9]*\)$/\1 \2 \2/p' | sed '/ __gnu_lto/d' > conftest.nm
configure:7095: gcc -o conftest -fsanitize=address -g -O1 -Wno-error=maybe-uninitialized  -fsanitize=address conftest.c conftstm.o >&5
configure:7098: $? = 0
configure:7136: result: ok
configure:7183: checking for sysroot
configure:7214: result: no
configure:7221: checking for a working dd
configure:7265: result: /usr/bin/dd
configure:7269: checking how to truncate binary pipes
configure:7285: result: /usr/bin/dd bs=4096 count=1
configure:7422: gcc -c -fsanitize=address -g -O1 -Wno-error=maybe-uninitialized  conftest.c >&5
configure:7425: $? = 0
configure:7622: checking for mt
configure:7657: result: no
configure:7677: checking if : is a manifest tool
configure:7684: : '-?'
configure:7692: result: no
configure:8422: checking for stdio.h
configure:8422: gcc -c -fsanitize=address -g -O1 -Wno-error=maybe-uninitialized  conftest.c >&5
configure:8422: $? = 0
configure:8422: result: yes
configure:8422: checking for stdlib.h
configure:8422: gcc -c -fsanitize=address -g -O1 -Wno-error=maybe-uninitialized  conftest.c >&5
configure:8422: $? = 0
configure:8422: result: yes
configure:8422: checking for string.h
configure:8422: gcc -c -fsanitize=address -g -O1 -Wno-error=maybe-uninitialized  conftest.c >&5
configure:8422: $? = 0
configure:8422: result: yes
configure:8422: checking for inttypes.h
configure:8422: gcc -c -fsanitize=address -g -O1 -Wno-error=maybe-uninitialized  conftest.c >&5
configure:8422: $? = 0
configure:8422: result: yes
configure:8422: checking for stdint.h
configure:8422: gcc -c -fsanitize=address -g -O1 -Wno-error=maybe-uninitialized  conftest.c >&5
configure:8422: $? = 0
configure:8422: result: yes
configure:8422: checking for strings.h
configure:8422: gcc -c -fsanitize=address -g -O1 -Wno-error=maybe-uninitialized  conftest.c >&5
configure:8422: $? = 0
configure:8422: result: yes
configure:8422: checking for sys/stat.h
configure:8422: gcc -c -fsanitize=address -g -O1 -Wno-error=maybe-uninitialized  conftest.c >&5
configure:8422: $? = 0
configure:8422: result: yes
configure:8422: checking for sys/types.h
configure:8422: gcc -c -fsanitize=address -g -O1 -Wno-error=maybe-uninitialized  conftest.c >&5
configure:8422: $? = 0
configure:8422: result: yes
configure:8422: checking for unistd.h
configure:8422: gcc -c -fsanitize=address -g -O1 -Wno-error=maybe-uninitialized  conftest.c >&5
configure:8422: $? = 0
configure:8422: result: yes
configure:8447: checking for dlfcn.h
configure:8447: gcc -c -fsanitize=address -g -O1 -Wno-error=maybe-uninitialized  conftest.c >&5
configure:8447: $? = 0
configure:8447: result: yes
configure:8706: checking for objdir
configure:8722: result: .libs
configure:8986: checking if gcc supports -fno-rtti -fno-exceptions
configure:9005: gcc -c -fsanitize=address -g -O1 -Wno-error=maybe-uninitialized  -fno-rtti -fno-exceptions conftest.c >&5
cc1: warning: command-line option '-fno-rtti' is valid for C++/D/ObjC++ but not for C
configure:9009: $? = 0
configure:9022: result: no
configure:9386: checking for gcc option to produce PIC
configure:9394: result: -fPIC -DPIC
configure:9402: checking if gcc PIC flag -fPIC -DPIC works
configure:9421: gcc -c -fsanitize=address -g -O1 -Wno-error=maybe-uninitialized  -fPIC -DPIC -DPIC conftest.c >&5
configure:9425: $? = 0
configure:9438: result: yes
configure:9467: checking if gcc static flag -static works
configure:9496: result: no
configure:9511: checking if gcc supports -c -o file.o
configure:9533: gcc -c -fsanitize=address -g -O1 -Wno-error=maybe-uninitialized  -o out/conftest2.o conftest.c >&5
configure:9537: $? = 0
configure:9559: result: yes
configure:9567: checking if gcc supports -c -o file.o
configure:9615: result: yes
configure:9648: checking whether the gcc linker (/usr/bin/ld -m elf_x86_64) supports shared libraries
configure:10918: result: yes
configure:10955: checking whether -lc should be explicitly linked in
configure:10964: gcc -c -fsanitize=address -g -O1 -Wno-error=maybe-uninitialized  conftest.c >&5
configure:10967: $? = 0
configure:10982: gcc -shared  -fPIC -DPIC conftest.o  -v -Wl,-soname -Wl,conftest -o conftest 2\>\&1 \| /usr/bin/grep  -lc  \>/dev/null 2\>\&1
configure:10985: $? = 0
configure:10999: result: no
configure:11159: checking dynamic linker characteristics
configure:11741: gcc -o conftest -fsanitize=address -g -O1 -Wno-error=maybe-uninitialized  -fsanitize=address -Wl,-rpath -Wl,/foo conftest.c  >&5
configure:11741: $? = 0
configure:11992: result: GNU/Linux ld.so
configure:12114: checking how to hardcode library paths into programs
configure:12139: result: immediate
configure:12691: checking whether stripping libraries is possible
configure:12696: result: yes
configure:12731: checking if libtool supports shared libraries
configure:12733: result: yes
configure:12736: checking whether to build shared libraries
configure:12761: result: yes
configure:12764: checking whether to build static libraries
configure:12768: result: yes
configure:12809: checking whether make sets $(MAKE)
configure:12832: result: yes
configure:12843: checking for sys/time.h
configure:12843: gcc -c -fsanitize=address -g -O1 -Wno-error=maybe-uninitialized  conftest.c >&5
configure:12843: $? = 0
configure:12843: result: yes
configure:12849: checking for unistd.h
configure:12849: result: yes
configure:12855: checking for sys/times.h
configure:12855: gcc -c -fsanitize=address -g -O1 -Wno-error=maybe-uninitialized  conftest.c >&5
configure:12855: $? = 0
configure:12855: result: yes
configure:12867: checking size of int
configure:12873: gcc -o conftest -fsanitize=address -g -O1 -Wno-error=maybe-uninitialized  -fsanitize=address conftest.c  >&5
configure:12873: $? = 0
configure:12873: ./conftest
configure:12873: $? = 0
configure:12888: result: 4
configure:12900: checking size of long
configure:12906: gcc -o conftest -fsanitize=address -g -O1 -Wno-error=maybe-uninitialized  -fsanitize=address conftest.c  >&5
configure:12906: $? = 0
configure:12906: ./conftest
configure:12906: $? = 0
configure:12921: result: 8
configure:12933: checking size of long long
configure:12939: gcc -o conftest -fsanitize=address -g -O1 -Wno-error=maybe-uninitialized  -fsanitize=address conftest.c  >&5
configure:12939: $? = 0
configure:12939: ./conftest
AddressSanitizer:DEADLYSIGNAL
AddressSanitizer:DEADLYSIGNAL
AddressSanitizer:DEADLYSIGNAL
AddressSanitizer:DEADLYSIGNAL
AddressSanitizer:DEADLYSIGNAL
AddressSanitizer:DEADLYSIGNAL
./configure: line 1769: 3401720 Segmentation fault      (core dumped) ./conftest$ac_exeext
configure:12939: $? = 139
configure: program exited with status 139
configure: failed program was:
| /* confdefs.h */
| #define PACKAGE_NAME "onig"
| #define PACKAGE_TARNAME "onig"
| #define PACKAGE_VERSION "6.9.8"
| #define PACKAGE_STRING "onig 6.9.8"
| #define PACKAGE_BUGREPORT ""
| #define PACKAGE_URL ""
| #define PACKAGE "onig"
| #define VERSION "6.9.8"
| #define HAVE_STDIO_H 1
| #define HAVE_STDLIB_H 1
| #define HAVE_STRING_H 1
| #define HAVE_INTTYPES_H 1
| #define HAVE_STDINT_H 1
| #define HAVE_STRINGS_H 1
| #define HAVE_SYS_STAT_H 1
| #define HAVE_SYS_TYPES_H 1
| #define HAVE_UNISTD_H 1
| #define STDC_HEADERS 1
| #define HAVE_DLFCN_H 1
| #define LT_OBJDIR ".libs/"
| #define HAVE_SYS_TIME_H 1
| #define HAVE_UNISTD_H 1
| #define HAVE_SYS_TIMES_H 1
| #define SIZEOF_INT 4
| #define SIZEOF_LONG 8
| /* end confdefs.h.  */
| #include <stddef.h>
| #ifdef HAVE_STDIO_H
| # include <stdio.h>
| #endif
| #ifdef HAVE_STDLIB_H
| # include <stdlib.h>
| #endif
| #ifdef HAVE_STRING_H
| # include <string.h>
| #endif
| #ifdef HAVE_INTTYPES_H
| # include <inttypes.h>
| #endif
| #ifdef HAVE_STDINT_H
| # include <stdint.h>
| #endif
| #ifdef HAVE_STRINGS_H
| # include <strings.h>
| #endif
| #ifdef HAVE_SYS_TYPES_H
| # include <sys/types.h>
| #endif
| #ifdef HAVE_SYS_STAT_H
| # include <sys/stat.h>
| #endif
| #ifdef HAVE_UNISTD_H
| # include <unistd.h>
| #endif
| static long int longval (void) { return (long int) (sizeof (long long)); }
| static unsigned long int ulongval (void) { return (long int) (sizeof (long long)); }
| #include <stdio.h>
| #include <stdlib.h>
| int
| main (void)
| {
| 
|   FILE *f = fopen ("conftest.val", "w");
|   if (! f)
|     return 1;
|   if (((long int) (sizeof (long long))) < 0)
|     {
|       long int i = longval ();
|       if (i != ((long int) (sizeof (long long))))
| 	return 1;
|       fprintf (f, "%ld", i);
|     }
|   else
|     {
|       unsigned long int i = ulongval ();
|       if (i != ((long int) (sizeof (long long))))
| 	return 1;
|       fprintf (f, "%lu", i);
|     }
|   /* Do not output a trailing newline, as this causes \r\n confusion
|      on some platforms.  */
|   return ferror (f) || fclose (f) != 0;
| 
|   ;
|   return 0;
| }
configure:12954: result: 0
configure:12966: checking size of void*
configure:12972: gcc -o conftest -fsanitize=address -g -O1 -Wno-error=maybe-uninitialized  -fsanitize=address conftest.c  >&5
configure:12972: $? = 0
configure:12972: ./conftest
configure:12972: $? = 0
configure:12987: result: 8
configure:12996: checking for size_t
configure:12996: gcc -c -fsanitize=address -g -O1 -Wno-error=maybe-uninitialized  conftest.c >&5
configure:12996: $? = 0
configure:12996: gcc -c -fsanitize=address -g -O1 -Wno-error=maybe-uninitialized  conftest.c >&5
conftest.c: In function 'main':
conftest.c:61:21: error: expected expression before ')' token
   61 | if (sizeof ((size_t)))
      |                     ^
configure:12996: $? = 1
configure: failed program was:
| /* confdefs.h */
| #define PACKAGE_NAME "onig"
| #define PACKAGE_TARNAME "onig"
| #define PACKAGE_VERSION "6.9.8"
| #define PACKAGE_STRING "onig 6.9.8"
| #define PACKAGE_BUGREPORT ""
| #define PACKAGE_URL ""
| #define PACKAGE "onig"
| #define VERSION "6.9.8"
| #define HAVE_STDIO_H 1
| #define HAVE_STDLIB_H 1
| #define HAVE_STRING_H 1
| #define HAVE_INTTYPES_H 1
| #define HAVE_STDINT_H 1
| #define HAVE_STRINGS_H 1
| #define HAVE_SYS_STAT_H 1
| #define HAVE_SYS_TYPES_H 1
| #define HAVE_UNISTD_H 1
| #define STDC_HEADERS 1
| #define HAVE_DLFCN_H 1
| #define LT_OBJDIR ".libs/"
| #define HAVE_SYS_TIME_H 1
| #define HAVE_UNISTD_H 1
| #define HAVE_SYS_TIMES_H 1
| #define SIZEOF_INT 4
| #define SIZEOF_LONG 8
| #define SIZEOF_LONG_LONG 0
| #define SIZEOF_VOIDP 8
| /* end confdefs.h.  */
| #include <stddef.h>
| #ifdef HAVE_STDIO_H
| # include <stdio.h>
| #endif
| #ifdef HAVE_STDLIB_H
| # include <stdlib.h>
| #endif
| #ifdef HAVE_STRING_H
| # include <string.h>
| #endif
| #ifdef HAVE_INTTYPES_H
| # include <inttypes.h>
| #endif
| #ifdef HAVE_STDINT_H
| # include <stdint.h>
| #endif
| #ifdef HAVE_STRINGS_H
| # include <strings.h>
| #endif
| #ifdef HAVE_SYS_TYPES_H
| # include <sys/types.h>
| #endif
| #ifdef HAVE_SYS_STAT_H
| # include <sys/stat.h>
| #endif
| #ifdef HAVE_UNISTD_H
| # include <unistd.h>
| #endif
| int
| main (void)
| {
| if (sizeof ((size_t)))
| 	    return 0;
|   ;
|   return 0;
| }
configure:12996: result: yes
configure:13008: checking for working alloca.h
configure:13026: gcc -o conftest -fsanitize=address -g -O1 -Wno-error=maybe-uninitialized  -fsanitize=address conftest.c  >&5
configure:13026: $? = 0
configure:13035: result: yes
configure:13043: checking for alloca
configure:13088: result: yes
configure:13287: checking that generated files are newer than configure
configure:13293: result: done
configure:13328: creating ./config.status

## ---------------------- ##
## Running config.status. ##
## ---------------------- ##

This file was extended by onig config.status 6.9.8, which was
generated by GNU Autoconf 2.71.  Invocation command line was

  CONFIG_FILES    = 
  CONFIG_HEADERS  = 
  CONFIG_LINKS    = 
  CONFIG_COMMANDS = 
  $ ./config.status 

on bd564e34ffec

config.status:1103: creating Makefile
config.status:1103: creating src/Makefile
config.status:1103: creating test/Makefile
config.status:1103: creating sample/Makefile
config.status:1103: creating onig-config
config.status:1103: creating src/config.h
config.status:1332: executing depfiles commands
config.status:1409: cd src       && sed -e '/# am--include-marker/d' Makefile         | make -f - am--depfiles
config.status:1414: $? = 0
config.status:1409: cd test       && sed -e '/# am--include-marker/d' Makefile         | make -f - am--depfiles
config.status:1414: $? = 0
config.status:1409: cd sample       && sed -e '/# am--include-marker/d' Makefile         | make -f - am--depfiles
config.status:1414: $? = 0
config.status:1332: executing libtool commands
config.status:1332: executing default commands

## ---------------- ##
## Cache variables. ##
## ---------------- ##

ac_cv_build=x86_64-pc-linux-gnu
ac_cv_c_compiler_gnu=yes
ac_cv_env_CC_set=
ac_cv_env_CC_value=
ac_cv_env_CFLAGS_set=set
ac_cv_env_CFLAGS_value='-fsanitize=address -g -O1 -Wno-error=maybe-uninitialized'
ac_cv_env_CPPFLAGS_set=
ac_cv_env_CPPFLAGS_value=
ac_cv_env_LDFLAGS_set=set
ac_cv_env_LDFLAGS_value=-fsanitize=address
ac_cv_env_LIBS_set=
ac_cv_env_LIBS_value=
ac_cv_env_LT_SYS_LIBRARY_PATH_set=
ac_cv_env_LT_SYS_LIBRARY_PATH_value=
ac_cv_env_build_alias_set=
ac_cv_env_build_alias_value=
ac_cv_env_host_alias_set=
ac_cv_env_host_alias_value=
ac_cv_env_target_alias_set=
ac_cv_env_target_alias_value=
ac_cv_func_alloca_works=yes
ac_cv_header_dlfcn_h=yes
ac_cv_header_inttypes_h=yes
ac_cv_header_stdint_h=yes
ac_cv_header_stdio_h=yes
ac_cv_header_stdlib_h=yes
ac_cv_header_string_h=yes
ac_cv_header_strings_h=yes
ac_cv_header_sys_stat_h=yes
ac_cv_header_sys_time_h=yes
ac_cv_header_sys_times_h=yes
ac_cv_header_sys_types_h=yes
ac_cv_header_unistd_h=yes
ac_cv_host=x86_64-pc-linux-gnu
ac_cv_objext=o
ac_cv_path_EGREP='/usr/bin/grep -E'
ac_cv_path_FGREP='/usr/bin/grep -F'
ac_cv_path_GREP=/usr/bin/grep
ac_cv_path_SED=/usr/bin/sed
ac_cv_path_install='/usr/bin/install -c'
ac_cv_path_lt_DD=/usr/bin/dd
ac_cv_path_mkdir=/usr/bin/mkdir
ac_cv_prog_AWK=gawk
ac_cv_prog_ac_ct_AR=ar
ac_cv_prog_ac_ct_CC=gcc
ac_cv_prog_ac_ct_OBJDUMP=objdump
ac_cv_prog_ac_ct_RANLIB=ranlib
ac_cv_prog_ac_ct_STRIP=strip
ac_cv_prog_cc_c11=
ac_cv_prog_cc_g=yes
ac_cv_prog_cc_stdc=
ac_cv_prog_make_make_set=yes
ac_cv_sizeof_int=4
ac_cv_sizeof_long=8
ac_cv_sizeof_long_long=0
ac_cv_sizeof_voidp=8
ac_cv_type_size_t=yes
ac_cv_working_alloca_h=yes
am_cv_CC_dependencies_compiler_type=gcc3
am_cv_make_support_nested_variables=yes
am_cv_prog_cc_c_o=yes
lt_cv_ar_at_file=@
lt_cv_archive_cmds_need_lc=no
lt_cv_deplibs_check_method=pass_all
lt_cv_file_magic_cmd='$MAGIC_CMD'
lt_cv_file_magic_test_file=
lt_cv_ld_reload_flag=-r
lt_cv_nm_interface='BSD nm'
lt_cv_objdir=.libs
lt_cv_path_LD=/usr/bin/ld
lt_cv_path_NM='/usr/bin/nm -B'
lt_cv_path_mainfest_tool=no
lt_cv_prog_compiler_c_o=yes
lt_cv_prog_compiler_pic='-fPIC -DPIC'
lt_cv_prog_compiler_pic_works=yes
lt_cv_prog_compiler_rtti_exceptions=no
lt_cv_prog_compiler_static_works=no
lt_cv_prog_gnu_ld=yes
lt_cv_sharedlib_from_linklib_cmd='printf %s\n'
lt_cv_shlibpath_overrides_runpath=yes
lt_cv_sys_global_symbol_pipe='sed -n -e '\''s/^.*[	 ]\([ABCDGIRSTW][ABCDGIRSTW]*\)[	 ][	 ]*\([_A-Za-z][_A-Za-z0-9]*\)$/\1 \2 \2/p'\'' | sed '\''/ __gnu_lto/d'\'''
lt_cv_sys_global_symbol_to_c_name_address='sed -n -e '\''s/^: \(.*\) .*$/  {"\1", (void *) 0},/p'\'' -e '\''s/^[ABCDGIRSTW][ABCDGIRSTW]* .* \(.*\)$/  {"\1", (void *) \&\1},/p'\'''
lt_cv_sys_global_symbol_to_c_name_address_lib_prefix='sed -n -e '\''s/^: \(.*\) .*$/  {"\1", (void *) 0},/p'\'' -e '\''s/^[ABCDGIRSTW][ABCDGIRSTW]* .* \(lib.*\)$/  {"\1", (void *) \&\1},/p'\'' -e '\''s/^[ABCDGIRSTW][ABCDGIRSTW]* .* \(.*\)$/  {"lib\1", (void *) \&\1},/p'\'''
lt_cv_sys_global_symbol_to_cdecl='sed -n -e '\''s/^T .* \(.*\)$/extern int \1();/p'\'' -e '\''s/^[ABCDGIRSTW][ABCDGIRSTW]* .* \(.*\)$/extern char \1;/p'\'''
lt_cv_sys_global_symbol_to_import=
lt_cv_sys_max_cmd_len=1572864
lt_cv_to_host_file_cmd=func_convert_file_noop
lt_cv_to_tool_file_cmd=func_convert_file_noop
lt_cv_truncate_bin='/usr/bin/dd bs=4096 count=1'

## ----------------- ##
## Output variables. ##
## ----------------- ##

ACLOCAL='${SHELL} '\''/root/dataset_fuzz/jq-1.7.1/modules/oniguruma/missing'\'' aclocal-1.16'
ALLOCA=''
AMDEPBACKSLASH='\'
AMDEP_FALSE='#'
AMDEP_TRUE=''
AMTAR='$${TAR-tar}'
AM_BACKSLASH='\'
AM_DEFAULT_V='$(AM_DEFAULT_VERBOSITY)'
AM_DEFAULT_VERBOSITY='1'
AM_V='$(V)'
AR='ar'
AUTOCONF='${SHELL} '\''/root/dataset_fuzz/jq-1.7.1/modules/oniguruma/missing'\'' autoconf'
AUTOHEADER='${SHELL} '\''/root/dataset_fuzz/jq-1.7.1/modules/oniguruma/missing'\'' autoheader'
AUTOMAKE='${SHELL} '\''/root/dataset_fuzz/jq-1.7.1/modules/oniguruma/missing'\'' automake-1.16'
AWK='gawk'
CC='gcc'
CCDEPMODE='depmode=gcc3'
CFLAGS='-fsanitize=address -g -O1 -Wno-error=maybe-uninitialized'
CPPFLAGS=''
CSCOPE='cscope'
CTAGS='ctags'
CYGPATH_W='echo'
DEFS='-DHAVE_CONFIG_H'
DEPDIR='.deps'
DLLTOOL='false'
DSYMUTIL=''
DUMPBIN=''
ECHO_C=''
ECHO_N='-n'
ECHO_T=''
EGREP='/usr/bin/grep -E'
ENABLE_BINARY_COMPATIBLE_POSIX_API_FALSE=''
ENABLE_BINARY_COMPATIBLE_POSIX_API_TRUE='#'
ENABLE_POSIX_API_FALSE=''
ENABLE_POSIX_API_TRUE='#'
ETAGS='etags'
EXEEXT=''
EXTRA_LIBONIG_LDFLAGS=' '
FGREP='/usr/bin/grep -F'
GREP='/usr/bin/grep'
INSTALL_DATA='${INSTALL} -m 644'
INSTALL_PROGRAM='${INSTALL}'
INSTALL_SCRIPT='${INSTALL}'
INSTALL_STRIP_PROGRAM='$(install_sh) -c -s'
LD='/usr/bin/ld -m elf_x86_64'
LDFLAGS='-fsanitize=address'
LIBOBJS=''
LIBONIG_DEF_FILE=''
LIBS=''
LIBTOOL='$(SHELL) $(top_builddir)/libtool'
LIPO=''
LN_S='ln -s'
LTLIBOBJS=''
LTVERSION='8:0:3'
LT_SYS_LIBRARY_PATH=''
MAKEINFO='${SHELL} '\''/root/dataset_fuzz/jq-1.7.1/modules/oniguruma/missing'\'' makeinfo'
MANIFEST_TOOL=':'
MKDIR_P='/usr/bin/mkdir -p'
NM='/usr/bin/nm -B'
NMEDIT=''
OBJDUMP='objdump'
OBJEXT='o'
OTOOL64=''
OTOOL=''
PACKAGE='onig'
PACKAGE_BUGREPORT=''
PACKAGE_NAME='onig'
PACKAGE_STRING='onig 6.9.8'
PACKAGE_TARNAME='onig'
PACKAGE_URL=''
PACKAGE_VERSION='6.9.8'
PATH_SEPARATOR=':'
RANLIB='ranlib'
SED='/usr/bin/sed'
SET_MAKE=''
SHELL='/bin/bash'
STRIP='strip'
USE_LIBONIG_DEF_FILE_FALSE=''
USE_LIBONIG_DEF_FILE_TRUE='#'
VERSION='6.9.8'
ac_ct_AR='ar'
ac_ct_CC='gcc'
ac_ct_DUMPBIN=''
am__EXEEXT_FALSE=''
am__EXEEXT_TRUE='#'
am__fastdepCC_FALSE='#'
am__fastdepCC_TRUE=''
am__include='include'
am__isrc=''
am__leading_dot='.'
am__nodep='_no'
am__quote=''
am__tar='$${TAR-tar} chof - "$$tardir"'
am__untar='$${TAR-tar} xf -'
bindir='${exec_prefix}/bin'
build='x86_64-pc-linux-gnu'
build_alias=''
build_cpu='x86_64'
build_os='linux-gnu'
build_vendor='pc'
datadir='${datarootdir}'
datarootdir='${prefix}/share'
docdir='${datarootdir}/doc/${PACKAGE_TARNAME}'
dvidir='${docdir}'
exec_prefix='${prefix}'
host='x86_64-pc-linux-gnu'
host_alias=''
host_cpu='x86_64'
host_os='linux-gnu'
host_vendor='pc'
htmldir='${docdir}'
includedir='${prefix}/include'
infodir='${datarootdir}/info'
install_sh='${SHELL} /root/dataset_fuzz/jq-1.7.1/modules/oniguruma/install-sh'
libdir='${exec_prefix}/lib'
libexecdir='${exec_prefix}/libexec'
localedir='${datarootdir}/locale'
localstatedir='${prefix}/var'
mandir='${datarootdir}/man'
mkdir_p='$(MKDIR_P)'
oldincludedir='/usr/include'
pdfdir='${docdir}'
prefix='/usr/local'
program_transform_name='s,x,x,'
psdir='${docdir}'
runstatedir='${localstatedir}/run'
sbindir='${exec_prefix}/sbin'
sharedstatedir='${prefix}/com'
sysconfdir='${prefix}/etc'
target_alias=''

## ----------- ##
## confdefs.h. ##
## ----------- ##

/* confdefs.h */
#define PACKAGE_NAME "onig"
#define PACKAGE_TARNAME "onig"
#define PACKAGE_VERSION "6.9.8"
#define PACKAGE_STRING "onig 6.9.8"
#define PACKAGE_BUGREPORT ""
#define PACKAGE_URL ""
#define PACKAGE "onig"
#define VERSION "6.9.8"
#define HAVE_STDIO_H 1
#define HAVE_STDLIB_H 1
#define HAVE_STRING_H 1
#define HAVE_INTTYPES_H 1
#define HAVE_STDINT_H 1
#define HAVE_STRINGS_H 1
#define HAVE_SYS_STAT_H 1
#define HAVE_SYS_TYPES_H 1
#define HAVE_UNISTD_H 1
#define STDC_HEADERS 1
#define HAVE_DLFCN_H 1
#define LT_OBJDIR ".libs/"
#define HAVE_SYS_TIME_H 1
#define HAVE_UNISTD_H 1
#define HAVE_SYS_TIMES_H 1
#define SIZEOF_INT 4
#define SIZEOF_LONG 8
#define SIZEOF_LONG_LONG 0
#define SIZEOF_VOIDP 8
#define HAVE_ALLOCA_H 1
#define HAVE_ALLOCA 1

configure: exit 0
